#-----------------------------------------------------------
# Vivado v2020.2 (64-bit)
# SW Build 3064766 on Wed Nov 18 09:12:45 MST 2020
# IP Build 3064653 on Wed Nov 18 14:17:31 MST 2020
# Start of session at: Thu May 26 13:42:52 2022
# Process ID: 7952
# Current directory: C:/Users/antho/Documents/Programmes/S4APP2/pb_logique_seq
# Command line: vivado.exe -gui_launcher_event rodinguilauncherevent16532 C:\Users\antho\Documents\Programmes\S4APP2\pb_logique_seq\pb_logique_seq.xpr
# Log file: C:/Users/antho/Documents/Programmes/S4APP2/pb_logique_seq/vivado.log
# Journal file: C:/Users/antho/Documents/Programmes/S4APP2/pb_logique_seq\vivado.jou
#-----------------------------------------------------------
start_gui
open_project C:/Users/antho/Documents/Programmes/S4APP2/pb_logique_seq/pb_logique_seq.xpr
Scanning sources...
Finished scanning sources
INFO: [IP_Flow 19-234] Refreshing IP repositories
INFO: [IP_Flow 19-1704] No user IP repositories specified
INFO: [IP_Flow 19-2313] Loaded Vivado IP repository 'C:/Xilinx/Vivado/2020.2/data/ip'.
open_project: Time (s): cpu = 00:00:26 ; elapsed = 00:00:11 . Memory (MB): peak = 1095.219 ; gain = 0.000
update_compile_order -fileset sources_1
open_bd_design {C:/Users/antho/Documents/Programmes/S4APP2/pb_logique_seq/pb_logique_seq.srcs/sources_1/bd/design_1/design_1.bd}
Reading block design file <C:/Users/antho/Documents/Programmes/S4APP2/pb_logique_seq/pb_logique_seq.srcs/sources_1/bd/design_1/design_1.bd>...
Adding component instance block -- xilinx.com:module_ref:compteur_nbits:1.0 - compteur_7bits
Adding component instance block -- xilinx.com:module_ref:reg_24b:1.0 - registre_24bits_droite
Adding component instance block -- xilinx.com:module_ref:reg_24b:1.0 - registre_24bits_gauche
Adding component instance block -- xilinx.com:module_ref:reg_dec_24b:1.0 - registre_decalage_24bits
Adding component instance block -- xilinx.com:module_ref:mef_decod_i2s_v1b:1.0 - MEF_decodeur_i2s
Adding component instance block -- xilinx.com:ip:util_vector_logic:2.0 - util_vector_logic_0
Adding component instance block -- xilinx.com:ip:xlconcat:2.1 - xlconcat_0
Adding component instance block -- xilinx.com:ip:xlconstant:1.1 - xlconstant_0
Adding component instance block -- xilinx.com:ip:xlslice:1.0 - xlslice_0
Adding component instance block -- xilinx.com:module_ref:compteur_nbits:1.0 - compteur_nbits_0
Adding component instance block -- xilinx.com:module_ref:mef_cod_i2s_vsb:1.0 - mef_cod_i2s_vsb_0
Adding component instance block -- xilinx.com:module_ref:mux2:1.0 - mux2_0
Adding component instance block -- xilinx.com:module_ref:reg_dec_24b_fd:1.0 - reg_dec_24b_fd_0
Adding component instance block -- xilinx.com:ip:xlconstant:1.1 - parametre_0
Adding component instance block -- xilinx.com:module_ref:affhexPmodSSD_v3:1.0 - M10_conversion_affichage
Adding component instance block -- xilinx.com:module_ref:calcul_param_3:1.0 - M7_parametre_3
Adding component instance block -- xilinx.com:module_ref:mux4:1.0 - Multiplexeur_choix_fonction
Adding component instance block -- xilinx.com:module_ref:mux4:1.0 - Multiplexeur_choix_parametre
Adding component instance block -- xilinx.com:module_ref:sig_fct_3:1.0 - M4_fonction3
Adding component instance block -- xilinx.com:module_ref:sig_fct_sat_dure:1.0 - M2_fonction_distortion_dure1
Adding component instance block -- xilinx.com:module_ref:sig_fct_sat_dure:1.0 - M3_fonction_distorsion_dure2
Adding component instance block -- xilinx.com:module_ref:module_commande:1.0 - M8_commande
Adding component instance block -- xilinx.com:module_ref:calcul_param_1:1.0 - M5_parametre_1
Adding component instance block -- xilinx.com:module_ref:calcul_param_2:1.0 - M6_parametre_2
Successfully read diagram <design_1> from block design file <C:/Users/antho/Documents/Programmes/S4APP2/pb_logique_seq/pb_logique_seq.srcs/sources_1/bd/design_1/design_1.bd>
open_bd_design: Time (s): cpu = 00:00:14 ; elapsed = 00:00:12 . Memory (MB): peak = 1095.219 ; gain = 0.000
source C:/Users/antho/Documents/Programmes/S4APP2/new/pb_logique_seq/schema.tcl
# highlight_objects [get_bd_cells M5_parametre_1] -color red
# highlight_objects [get_bd_cells M6_parametre_2] -color red
# highlight_objects [get_bd_cells M8_commande] -color red
# highlight_objects [get_bd_cells M1_decodeur_i2s/MEF_decodeur_i2s] -color red
# set curDir [get_property DIRECTORY [current_project]]
# set_property location {1 178 353} [get_bd_cells M1_decodeur_i2s]
# set_property location {2 448 219} [get_bd_cells M2_fonction_distortion_dure1]
# set_property location {2 434 305} [get_bd_cells M3_fonction_distorsion_dure2]
# set_property location {2 410 384} [get_bd_cells M4_fonction3]
# set_property location {2.5 737 268} [get_bd_cells Multiplexeur_choix_fonction]
# set_property location {1 139 570} [get_bd_cells M9_codeur_i2s]
# set_property location {2 429 734} [get_bd_cells M8_commande]
# set_property location {3.5 1059 166} [get_bd_cells M5_parametre_1]
# set_property location {4 1057 59} [get_bd_cells parametre_0]
# set_property location {4 1026 341} [get_bd_cells M6_parametre_2]
# set_property location {4 1070 477} [get_bd_cells M7_parametre_3]
# set_property location {4.5 1369 284} [get_bd_cells Multiplexeur_choix_parametre]
# set_property location {5.5 1637 268} [get_bd_cells M10_conversion_affichage]
# set_property location {-72 570} [get_bd_ports o_pbdat]
# set_property location {-134 728} [get_bd_ports i_btn]
# set_property location {-116 750} [get_bd_ports i_sw]
# set_property location {-89 380} [get_bd_ports clk_100MHz]
# set_property location {-95 357} [get_bd_ports i_lrc]
# set_property location {-96 341} [get_bd_ports i_recdat]
# set_property location {2130 272} [get_bd_ports JPmod]
# set_property location {2130 120} [get_bd_ports o_param]
# set_property location {2130 700} [get_bd_ports o_sel_fct]
# set_property location {2130 725} [get_bd_ports o_sel_par]
# set_property USER_COMMENTS.comment_1 {Modules à modifier:
# MEF_decodeur_i2s (dans M1_decodeur_i2s)
# M5_parametre_1
# M6_parametre_2
# M8_commande
# Pour plus de clarté, vous pouvez cacher les fils pour les horloges
# et les resets dans les paramètres (engrenage en haut a droite de cette fenêtre).
# } [current_bd_design]
exit
INFO: [Common 17-206] Exiting Vivado at Thu May 26 13:47:47 2022...
ERROR: [Common 17-180] Spawn failed: No error
ERROR: [Common 17-180] Spawn failed: No error
