#-----------------------------------------------------------
# Vivado v2020.2 (64-bit)
# SW Build 3064766 on Wed Nov 18 09:12:45 MST 2020
# IP Build 3064653 on Wed Nov 18 14:17:31 MST 2020
# Start of session at: Thu May 26 13:48:25 2022
# Process ID: 6932
# Current directory: C:/Users/antho/Documents/Programmes/S4APP2/new/pb_logique_seq
# Command line: vivado.exe -gui_launcher_event rodinguilauncherevent15364 C:\Users\antho\Documents\Programmes\S4APP2\new\pb_logique_seq\pb_logique_seq.xpr
# Log file: C:/Users/antho/Documents/Programmes/S4APP2/new/pb_logique_seq/vivado.log
# Journal file: C:/Users/antho/Documents/Programmes/S4APP2/new/pb_logique_seq\vivado.jou
#-----------------------------------------------------------
start_gui
open_project C:/Users/antho/Documents/Programmes/S4APP2/new/pb_logique_seq/pb_logique_seq.xpr
Scanning sources...
Finished scanning sources
INFO: [IP_Flow 19-234] Refreshing IP repositories
INFO: [IP_Flow 19-1704] No user IP repositories specified
INFO: [IP_Flow 19-2313] Loaded Vivado IP repository 'C:/Xilinx/Vivado/2020.2/data/ip'.
open_project: Time (s): cpu = 00:00:22 ; elapsed = 00:00:09 . Memory (MB): peak = 1095.125 ; gain = 0.000
open_bd_design {C:/Users/antho/Documents/Programmes/S4APP2/new/pb_logique_seq/pb_logique_seq.srcs/sources_1/bd/design_1/design_1.bd}
Reading block design file <C:/Users/antho/Documents/Programmes/S4APP2/new/pb_logique_seq/pb_logique_seq.srcs/sources_1/bd/design_1/design_1.bd>...
Adding component instance block -- xilinx.com:module_ref:compteur_nbits:1.0 - compteur_7bits
Adding component instance block -- xilinx.com:module_ref:mef_decod_i2s_v1b:1.0 - MEF_decodeur_i2s
Adding component instance block -- xilinx.com:module_ref:reg_24b:1.0 - registre_24bits_droite
Adding component instance block -- xilinx.com:module_ref:reg_24b:1.0 - registre_24bits_gauche
Adding component instance block -- xilinx.com:module_ref:reg_dec_24b:1.0 - registre_decalage_24bits
Adding component instance block -- xilinx.com:module_ref:compteur_nbits:1.0 - compteur_nbits_0
Adding component instance block -- xilinx.com:module_ref:mef_cod_i2s_vsb:1.0 - mef_cod_i2s_vsb_0
Adding component instance block -- xilinx.com:module_ref:mux2:1.0 - mux2_0
Adding component instance block -- xilinx.com:module_ref:reg_dec_24b_fd:1.0 - reg_dec_24b_fd_0
Adding component instance block -- xilinx.com:ip:util_vector_logic:2.0 - util_vector_logic_0
Adding component instance block -- xilinx.com:ip:xlconcat:2.1 - xlconcat_0
Adding component instance block -- xilinx.com:ip:xlconstant:1.1 - xlconstant_0
Adding component instance block -- xilinx.com:ip:xlslice:1.0 - xlslice_0
Adding component instance block -- xilinx.com:module_ref:affhexPmodSSD_v3:1.0 - M10_conversion_affichage
Adding component instance block -- xilinx.com:module_ref:calcul_param_1:1.0 - M5_parametre_1
Adding component instance block -- xilinx.com:module_ref:calcul_param_2:1.0 - M6_parametre_2
Adding component instance block -- xilinx.com:module_ref:calcul_param_3:1.0 - M7_parametre_3
Adding component instance block -- xilinx.com:module_ref:module_commande:1.0 - M8_commande
Adding component instance block -- xilinx.com:module_ref:mux4:1.0 - Multiplexeur_choix_fonction
Adding component instance block -- xilinx.com:module_ref:mux4:1.0 - Multiplexeur_choix_parametre
Adding component instance block -- xilinx.com:module_ref:sig_fct_3:1.0 - M4_fonction3
Adding component instance block -- xilinx.com:module_ref:sig_fct_sat_dure:1.0 - M2_fonction_distortion_dure1
Adding component instance block -- xilinx.com:module_ref:sig_fct_sat_dure:1.0 - M3_fonction_distorsion_dure2
Adding component instance block -- xilinx.com:ip:xlconstant:1.1 - parametre_0
Successfully read diagram <design_1> from block design file <C:/Users/antho/Documents/Programmes/S4APP2/new/pb_logique_seq/pb_logique_seq.srcs/sources_1/bd/design_1/design_1.bd>
open_bd_design: Time (s): cpu = 00:00:19 ; elapsed = 00:00:14 . Memory (MB): peak = 1095.125 ; gain = 0.000
update_compile_order -fileset sources_1
source C:/Users/antho/Documents/Programmes/S4APP2/new/pb_logique_seq/schema.tcl
# highlight_objects [get_bd_cells M5_parametre_1] -color red
# highlight_objects [get_bd_cells M6_parametre_2] -color red
# highlight_objects [get_bd_cells M8_commande] -color red
# highlight_objects [get_bd_cells M1_decodeur_i2s/MEF_decodeur_i2s] -color red
# set curDir [get_property DIRECTORY [current_project]]
# set_property location {1 178 353} [get_bd_cells M1_decodeur_i2s]
# set_property location {2 448 219} [get_bd_cells M2_fonction_distortion_dure1]
# set_property location {2 434 305} [get_bd_cells M3_fonction_distorsion_dure2]
# set_property location {2 410 384} [get_bd_cells M4_fonction3]
# set_property location {2.5 737 268} [get_bd_cells Multiplexeur_choix_fonction]
# set_property location {1 139 570} [get_bd_cells M9_codeur_i2s]
# set_property location {2 429 734} [get_bd_cells M8_commande]
# set_property location {3.5 1059 166} [get_bd_cells M5_parametre_1]
# set_property location {4 1057 59} [get_bd_cells parametre_0]
# set_property location {4 1026 341} [get_bd_cells M6_parametre_2]
# set_property location {4 1070 477} [get_bd_cells M7_parametre_3]
# set_property location {4.5 1369 284} [get_bd_cells Multiplexeur_choix_parametre]
# set_property location {5.5 1637 268} [get_bd_cells M10_conversion_affichage]
# set_property location {-72 570} [get_bd_ports o_pbdat]
# set_property location {-134 728} [get_bd_ports i_btn]
# set_property location {-116 750} [get_bd_ports i_sw]
# set_property location {-89 380} [get_bd_ports clk_100MHz]
# set_property location {-95 357} [get_bd_ports i_lrc]
# set_property location {-96 341} [get_bd_ports i_recdat]
# set_property location {2130 272} [get_bd_ports JPmod]
# set_property location {2130 120} [get_bd_ports o_param]
# set_property location {2130 700} [get_bd_ports o_sel_fct]
# set_property location {2130 725} [get_bd_ports o_sel_par]
# set_property USER_COMMENTS.comment_1 {Modules à modifier:
# MEF_decodeur_i2s (dans M1_decodeur_i2s)
# M5_parametre_1
# M6_parametre_2
# M8_commande
# Pour plus de clarté, vous pouvez cacher les fils pour les horloges
# et les resets dans les paramètres (engrenage en haut a droite de cette fenêtre).
# } [current_bd_design]
update_module_reference design_1_calcul_param_1_0_0
INFO: [IP_Flow 19-5107] Inferred bus interface 'i_reset' of definition 'xilinx.com:signal:reset:1.0' (from Xilinx Repository).
INFO: [IP_Flow 19-234] Refreshing IP repositories
INFO: [IP_Flow 19-1704] No user IP repositories specified
Upgrading 'C:/Users/antho/Documents/Programmes/S4APP2/new/pb_logique_seq/pb_logique_seq.srcs/sources_1/bd/design_1/design_1.bd'
INFO: [IP_Flow 19-1972] Upgraded design_1_calcul_param_1_0_0 from calcul_param_1_v1_0 1.0 to calcul_param_1_v1_0 1.0
Wrote  : <C:\Users\antho\Documents\Programmes\S4APP2\new\pb_logique_seq\pb_logique_seq.srcs\sources_1\bd\design_1\design_1.bd> 
Wrote  : <C:/Users/antho/Documents/Programmes/S4APP2/new/pb_logique_seq/pb_logique_seq.srcs/sources_1/bd/design_1/ui/bd_1f5defd0.ui> 
Wrote  : <C:/Users/antho/Documents/Programmes/S4APP2/new/pb_logique_seq/pb_logique_seq.srcs/sources_1/bd/design_1/ui/bd_a93fd001.ui> 
update_module_reference design_1_calcul_param_2_0_0
INFO: [IP_Flow 19-5107] Inferred bus interface 'i_reset' of definition 'xilinx.com:signal:reset:1.0' (from Xilinx Repository).
INFO: [IP_Flow 19-234] Refreshing IP repositories
INFO: [IP_Flow 19-1704] No user IP repositories specified
Upgrading 'C:/Users/antho/Documents/Programmes/S4APP2/new/pb_logique_seq/pb_logique_seq.srcs/sources_1/bd/design_1/design_1.bd'
INFO: [IP_Flow 19-1972] Upgraded design_1_calcul_param_2_0_0 from calcul_param_2_v1_0 1.0 to calcul_param_2_v1_0 1.0
Wrote  : <C:\Users\antho\Documents\Programmes\S4APP2\new\pb_logique_seq\pb_logique_seq.srcs\sources_1\bd\design_1\design_1.bd> 
Wrote  : <C:/Users/antho/Documents/Programmes/S4APP2/new/pb_logique_seq/pb_logique_seq.srcs/sources_1/bd/design_1/ui/bd_1f5defd0.ui> 
Wrote  : <C:/Users/antho/Documents/Programmes/S4APP2/new/pb_logique_seq/pb_logique_seq.srcs/sources_1/bd/design_1/ui/bd_a93fd001.ui> 
update_module_reference: Time (s): cpu = 00:00:01 ; elapsed = 00:00:11 . Memory (MB): peak = 1120.770 ; gain = 0.000
update_module_reference design_1_module_commande_0_0
INFO: [IP_Flow 19-5107] Inferred bus interface 'o_reset' of definition 'xilinx.com:signal:reset:1.0' (from Xilinx Repository).
INFO: [IP_Flow 19-5107] Inferred bus interface 'clk' of definition 'xilinx.com:signal:clock:1.0' (from Xilinx Repository).
WARNING: [IP_Flow 19-5661] Bus Interface 'clk' does not have any bus interfaces associated with it.
INFO: [IP_Flow 19-234] Refreshing IP repositories
INFO: [IP_Flow 19-1704] No user IP repositories specified
Upgrading 'C:/Users/antho/Documents/Programmes/S4APP2/new/pb_logique_seq/pb_logique_seq.srcs/sources_1/bd/design_1/design_1.bd'
INFO: [IP_Flow 19-1972] Upgraded design_1_module_commande_0_0 from module_commande_v1_0 1.0 to module_commande_v1_0 1.0
Wrote  : <C:\Users\antho\Documents\Programmes\S4APP2\new\pb_logique_seq\pb_logique_seq.srcs\sources_1\bd\design_1\design_1.bd> 
Wrote  : <C:/Users/antho/Documents/Programmes/S4APP2/new/pb_logique_seq/pb_logique_seq.srcs/sources_1/bd/design_1/ui/bd_1f5defd0.ui> 
Wrote  : <C:/Users/antho/Documents/Programmes/S4APP2/new/pb_logique_seq/pb_logique_seq.srcs/sources_1/bd/design_1/ui/bd_a93fd001.ui> 
update_module_reference: Time (s): cpu = 00:00:02 ; elapsed = 00:00:10 . Memory (MB): peak = 1120.770 ; gain = 0.000
set_property SOURCE_SET sources_1 [get_filesets sim_1]
add_files -fileset sim_1 -norecurse C:/Users/antho/Documents/Programmes/S4APP2/new/pb_logique_seq/pb_logique_seq.srcs/sim_1/new/Carre_24bits_tb.vhd
update_compile_order -fileset sim_1
CRITICAL WARNING: [HDL 9-806] Syntax error near "end". [C:/Users/antho/Documents/Programmes/S4APP2/new/pb_logique_seq/pb_logique_seq.srcs/sources_1/imports/new/mef_decod_i2s_v1b.vhd:187]
CRITICAL WARNING: [HDL 9-806] Syntax error near "end". [C:/Users/antho/Documents/Programmes/S4APP2/new/pb_logique_seq/pb_logique_seq.srcs/sources_1/imports/new/mef_decod_i2s_v1b.vhd:187]
CRITICAL WARNING: [HDL 9-806] Syntax error near "end". [C:/Users/antho/Documents/Programmes/S4APP2/new/pb_logique_seq/pb_logique_seq.srcs/sources_1/imports/new/mef_decod_i2s_v1b.vhd:187]
update_module_reference design_1_mef_decod_i2s_v1b_0_0
INFO: [IP_Flow 19-5107] Inferred bus interface 'i_reset' of definition 'xilinx.com:signal:reset:1.0' (from Xilinx Repository).
INFO: [IP_Flow 19-5107] Inferred bus interface 'o_cpt_bit_reset' of definition 'xilinx.com:signal:reset:1.0' (from Xilinx Repository).
INFO: [IP_Flow 19-234] Refreshing IP repositories
INFO: [IP_Flow 19-1704] No user IP repositories specified
Upgrading 'C:/Users/antho/Documents/Programmes/S4APP2/new/pb_logique_seq/pb_logique_seq.srcs/sources_1/bd/design_1/design_1.bd'
INFO: [IP_Flow 19-1972] Upgraded design_1_mef_decod_i2s_v1b_0_0 from mef_decod_i2s_v1b_v1_0 1.0 to mef_decod_i2s_v1b_v1_0 1.0
Wrote  : <C:\Users\antho\Documents\Programmes\S4APP2\new\pb_logique_seq\pb_logique_seq.srcs\sources_1\bd\design_1\design_1.bd> 
Wrote  : <C:/Users/antho/Documents/Programmes/S4APP2/new/pb_logique_seq/pb_logique_seq.srcs/sources_1/bd/design_1/ui/bd_1f5defd0.ui> 
Wrote  : <C:/Users/antho/Documents/Programmes/S4APP2/new/pb_logique_seq/pb_logique_seq.srcs/sources_1/bd/design_1/ui/bd_a93fd001.ui> 
update_module_reference design_1_mef_decod_i2s_v1b_0_0
INFO: [IP_Flow 19-5107] Inferred bus interface 'i_reset' of definition 'xilinx.com:signal:reset:1.0' (from Xilinx Repository).
INFO: [IP_Flow 19-5107] Inferred bus interface 'o_cpt_bit_reset' of definition 'xilinx.com:signal:reset:1.0' (from Xilinx Repository).
INFO: [IP_Flow 19-234] Refreshing IP repositories
INFO: [IP_Flow 19-1704] No user IP repositories specified
Upgrading 'C:/Users/antho/Documents/Programmes/S4APP2/new/pb_logique_seq/pb_logique_seq.srcs/sources_1/bd/design_1/design_1.bd'
INFO: [IP_Flow 19-1972] Upgraded design_1_mef_decod_i2s_v1b_0_0 from mef_decod_i2s_v1b_v1_0 1.0 to mef_decod_i2s_v1b_v1_0 1.0
Wrote  : <C:\Users\antho\Documents\Programmes\S4APP2\new\pb_logique_seq\pb_logique_seq.srcs\sources_1\bd\design_1\design_1.bd> 
Wrote  : <C:/Users/antho/Documents/Programmes/S4APP2/new/pb_logique_seq/pb_logique_seq.srcs/sources_1/bd/design_1/ui/bd_1f5defd0.ui> 
Wrote  : <C:/Users/antho/Documents/Programmes/S4APP2/new/pb_logique_seq/pb_logique_seq.srcs/sources_1/bd/design_1/ui/bd_a93fd001.ui> 
update_module_reference: Time (s): cpu = 00:00:02 ; elapsed = 00:00:15 . Memory (MB): peak = 1136.594 ; gain = 0.188
generate_target Simulation [get_files C:/Users/antho/Documents/Programmes/S4APP2/new/pb_logique_seq/pb_logique_seq.srcs/sources_1/bd/design_1/design_1.bd]
CRITICAL WARNING: [BD 41-1348] Reset pin /M1_decodeur_i2s/registre_24bits_droite/i_reset (associated clock /M1_decodeur_i2s/registre_24bits_droite/i_clk) is connected to asynchronous reset source /M8_commande/o_reset.
This may prevent design from meeting timing. Please add Processor System Reset module to create a reset that is synchronous to the associated clock source /clk_100MHz.
CRITICAL WARNING: [BD 41-1348] Reset pin /M1_decodeur_i2s/registre_24bits_gauche/i_reset (associated clock /M1_decodeur_i2s/registre_24bits_gauche/i_clk) is connected to asynchronous reset source /M8_commande/o_reset.
This may prevent design from meeting timing. Please add Processor System Reset module to create a reset that is synchronous to the associated clock source /clk_100MHz.
CRITICAL WARNING: [BD 41-1348] Reset pin /M1_decodeur_i2s/registre_decalage_24bits/i_reset (associated clock /M1_decodeur_i2s/registre_decalage_24bits/i_clk) is connected to asynchronous reset source /M8_commande/o_reset.
This may prevent design from meeting timing. Please add Processor System Reset module to create a reset that is synchronous to the associated clock source /clk_100MHz.
CRITICAL WARNING: [BD 41-1348] Reset pin /M9_codeur_i2s/reg_dec_24b_fd_0/i_reset (associated clock /M9_codeur_i2s/reg_dec_24b_fd_0/i_clk) is connected to asynchronous reset source /M8_commande/o_reset.
This may prevent design from meeting timing. Please add Processor System Reset module to create a reset that is synchronous to the associated clock source /clk_100MHz.
CRITICAL WARNING: [BD 41-1348] Reset pin /M10_conversion_affichage/reset (associated clock /M10_conversion_affichage/clk) is connected to asynchronous reset source /M8_commande/o_reset.
This may prevent design from meeting timing. Please add Processor System Reset module to create a reset that is synchronous to the associated clock source /clk_100MHz.
CRITICAL WARNING: [BD 41-759] The input pins (listed below) are either not connected or do not have a source port, and they don't have a tie-off specified. These pins are tied-off to all 0's to avoid error in Implementation flow.
Please check your design and connect them as needed: 
/M1_decodeur_i2s/registre_decalage_24bits/i_load
/M1_decodeur_i2s/registre_decalage_24bits/i_dat_load

Wrote  : <C:\Users\antho\Documents\Programmes\S4APP2\new\pb_logique_seq\pb_logique_seq.srcs\sources_1\bd\design_1\design_1.bd> 
Wrote  : <C:/Users/antho/Documents/Programmes/S4APP2/new/pb_logique_seq/pb_logique_seq.srcs/sources_1/bd/design_1/ui/bd_1f5defd0.ui> 
Wrote  : <C:/Users/antho/Documents/Programmes/S4APP2/new/pb_logique_seq/pb_logique_seq.srcs/sources_1/bd/design_1/ui/bd_a93fd001.ui> 
VHDL Output written to : c:/Users/antho/Documents/Programmes/S4APP2/new/pb_logique_seq/pb_logique_seq.gen/sources_1/bd/design_1/synth/design_1.vhd
VHDL Output written to : c:/Users/antho/Documents/Programmes/S4APP2/new/pb_logique_seq/pb_logique_seq.gen/sources_1/bd/design_1/sim/design_1.vhd
VHDL Output written to : c:/Users/antho/Documents/Programmes/S4APP2/new/pb_logique_seq/pb_logique_seq.gen/sources_1/bd/design_1/hdl/design_1_wrapper.vhd
Wrote  : <C:/Users/antho/Documents/Programmes/S4APP2/new/pb_logique_seq/pb_logique_seq.srcs/sources_1/bd/design_1/ui/bd_1f5defd0.ui> 
Wrote  : <C:/Users/antho/Documents/Programmes/S4APP2/new/pb_logique_seq/pb_logique_seq.srcs/sources_1/bd/design_1/ui/bd_a93fd001.ui> 
INFO: [BD 41-1029] Generation completed for the IP Integrator block M1_decodeur_i2s/MEF_decodeur_i2s .
INFO: [BD 41-1029] Generation completed for the IP Integrator block M5_parametre_1 .
INFO: [BD 41-1029] Generation completed for the IP Integrator block M6_parametre_2 .
INFO: [BD 41-1029] Generation completed for the IP Integrator block M8_commande .
Exporting to file c:/Users/antho/Documents/Programmes/S4APP2/new/pb_logique_seq/pb_logique_seq.gen/sources_1/bd/design_1/hw_handoff/design_1.hwh
Generated Block Design Tcl file c:/Users/antho/Documents/Programmes/S4APP2/new/pb_logique_seq/pb_logique_seq.gen/sources_1/bd/design_1/hw_handoff/design_1_bd.tcl
Generated Hardware Definition File c:/Users/antho/Documents/Programmes/S4APP2/new/pb_logique_seq/pb_logique_seq.gen/sources_1/bd/design_1/synth/design_1.hwdef
generate_target: Time (s): cpu = 00:00:04 ; elapsed = 00:00:09 . Memory (MB): peak = 1291.914 ; gain = 155.320
export_ip_user_files -of_objects [get_files C:/Users/antho/Documents/Programmes/S4APP2/new/pb_logique_seq/pb_logique_seq.srcs/sources_1/bd/design_1/design_1.bd] -no_script -sync -force -quiet
export_simulation -of_objects [get_files C:/Users/antho/Documents/Programmes/S4APP2/new/pb_logique_seq/pb_logique_seq.srcs/sources_1/bd/design_1/design_1.bd] -directory C:/Users/antho/Documents/Programmes/S4APP2/new/pb_logique_seq/pb_logique_seq.ip_user_files/sim_scripts -ip_user_files_dir C:/Users/antho/Documents/Programmes/S4APP2/new/pb_logique_seq/pb_logique_seq.ip_user_files -ipstatic_source_dir C:/Users/antho/Documents/Programmes/S4APP2/new/pb_logique_seq/pb_logique_seq.ip_user_files/ipstatic -lib_map_path [list {modelsim=C:/Users/antho/Documents/Programmes/S4APP2/new/pb_logique_seq/pb_logique_seq.cache/compile_simlib/modelsim} {questa=C:/Users/antho/Documents/Programmes/S4APP2/new/pb_logique_seq/pb_logique_seq.cache/compile_simlib/questa} {riviera=C:/Users/antho/Documents/Programmes/S4APP2/new/pb_logique_seq/pb_logique_seq.cache/compile_simlib/riviera} {activehdl=C:/Users/antho/Documents/Programmes/S4APP2/new/pb_logique_seq/pb_logique_seq.cache/compile_simlib/activehdl}] -use_ip_compiled_libs -force -quiet
launch_simulation
Command: launch_simulation 
INFO: [Vivado 12-5682] Launching behavioral simulation in 'C:/Users/antho/Documents/Programmes/S4APP2/new/pb_logique_seq/pb_logique_seq.sim/sim_1/behav/xsim'
INFO: [Vivado 12-4795] Using compiled simulation libraries for IPs
INFO: [SIM-utils-51] Simulation object is 'sim_1'
INFO: [USF-XSim-7] Finding pre-compiled libraries...
INFO: [USF-XSim-11] File 'C:/Xilinx/Vivado/2020.2/data/xsim/xsim.ini' copied to run dir:'C:/Users/antho/Documents/Programmes/S4APP2/new/pb_logique_seq/pb_logique_seq.sim/sim_1/behav/xsim'
INFO: [SIM-utils-54] Inspecting design source files for 'simul_module_sig_tb' in fileset 'sim_1'...
INFO: [USF-XSim-97] Finding global include files...
INFO: [USF-XSim-98] Fetching design files from 'sim_1'...
INFO: [USF-XSim-2] XSim::Compile design
INFO: [USF-XSim-61] Executing 'COMPILE and ANALYZE' step in 'C:/Users/antho/Documents/Programmes/S4APP2/new/pb_logique_seq/pb_logique_seq.sim/sim_1/behav/xsim'
"xvlog --incr --relax -prj simul_module_sig_tb_vlog.prj"
INFO: [VRFC 10-2263] Analyzing Verilog file "C:/Users/antho/Documents/Programmes/S4APP2/new/pb_logique_seq/pb_logique_seq.ip_user_files/bd/design_1/ip/design_1_util_vector_logic_0_0/sim/design_1_util_vector_logic_0_0.v" into library xil_defaultlib
INFO: [VRFC 10-311] analyzing module design_1_util_vector_logic_0_0
INFO: [VRFC 10-2263] Analyzing Verilog file "C:/Users/antho/Documents/Programmes/S4APP2/new/pb_logique_seq/pb_logique_seq.ip_user_files/bd/design_1/ip/design_1_xlconcat_0_0/sim/design_1_xlconcat_0_0.v" into library xil_defaultlib
INFO: [VRFC 10-311] analyzing module design_1_xlconcat_0_0
INFO: [VRFC 10-2263] Analyzing Verilog file "C:/Users/antho/Documents/Programmes/S4APP2/new/pb_logique_seq/pb_logique_seq.ip_user_files/bd/design_1/ip/design_1_xlconstant_0_1/sim/design_1_xlconstant_0_1.v" into library xil_defaultlib
INFO: [VRFC 10-311] analyzing module design_1_xlconstant_0_1
INFO: [VRFC 10-2263] Analyzing Verilog file "C:/Users/antho/Documents/Programmes/S4APP2/new/pb_logique_seq/pb_logique_seq.ip_user_files/bd/design_1/ip/design_1_xlslice_0_0/sim/design_1_xlslice_0_0.v" into library xil_defaultlib
INFO: [VRFC 10-311] analyzing module design_1_xlslice_0_0
INFO: [VRFC 10-2263] Analyzing Verilog file "C:/Users/antho/Documents/Programmes/S4APP2/new/pb_logique_seq/pb_logique_seq.ip_user_files/bd/design_1/ip/design_1_xlconstant_0_0/sim/design_1_xlconstant_0_0.v" into library xil_defaultlib
INFO: [VRFC 10-311] analyzing module design_1_xlconstant_0_0
INFO: [VRFC 10-2263] Analyzing Verilog file "C:/Users/antho/Documents/Programmes/S4APP2/new/pb_logique_seq/pb_logique_seq.sim/sim_1/behav/xsim/glbl.v" into library xil_defaultlib
INFO: [VRFC 10-311] analyzing module glbl
"xvhdl --incr --relax -prj simul_module_sig_tb_vhdl.prj"
INFO: [VRFC 10-163] Analyzing VHDL file "C:/Users/antho/Documents/Programmes/S4APP2/new/pb_logique_seq/pb_logique_seq.srcs/sources_1/imports/new/compteur_nbits.vhd" into library xil_defaultlib
INFO: [VRFC 10-3107] analyzing entity 'compteur_nbits'
INFO: [VRFC 10-163] Analyzing VHDL file "C:/Users/antho/Documents/Programmes/S4APP2/new/pb_logique_seq/pb_logique_seq.srcs/sources_1/imports/new/mef_decod_i2s_v1b.vhd" into library xil_defaultlib
INFO: [VRFC 10-3107] analyzing entity 'mef_decod_i2s_v1b'
INFO: [VRFC 10-163] Analyzing VHDL file "C:/Users/antho/Documents/Programmes/S4APP2/new/pb_logique_seq/pb_logique_seq.srcs/sources_1/imports/new/reg_24b.vhd" into library xil_defaultlib
INFO: [VRFC 10-3107] analyzing entity 'reg_24b'
INFO: [VRFC 10-163] Analyzing VHDL file "C:/Users/antho/Documents/Programmes/S4APP2/new/pb_logique_seq/pb_logique_seq.srcs/sources_1/imports/new/reg_dec_24b.vhd" into library xil_defaultlib
INFO: [VRFC 10-3107] analyzing entity 'reg_dec_24b'
INFO: [VRFC 10-163] Analyzing VHDL file "C:/Users/antho/Documents/Programmes/S4APP2/new/pb_logique_seq/pb_logique_seq.srcs/sources_1/imports/new/mef_cod_i2s_vsb.vhd" into library xil_defaultlib
INFO: [VRFC 10-3107] analyzing entity 'mef_cod_i2s_vsb'
INFO: [VRFC 10-163] Analyzing VHDL file "C:/Users/antho/Documents/Programmes/S4APP2/new/pb_logique_seq/pb_logique_seq.srcs/sources_1/imports/new/mux2.vhd" into library xil_defaultlib
INFO: [VRFC 10-3107] analyzing entity 'mux2'
INFO: [VRFC 10-163] Analyzing VHDL file "C:/Users/antho/Documents/Programmes/S4APP2/new/pb_logique_seq/pb_logique_seq.srcs/sources_1/imports/new/reg_dec_24b_fd.vhd" into library xil_defaultlib
INFO: [VRFC 10-3107] analyzing entity 'reg_dec_24b_fd'
INFO: [VRFC 10-163] Analyzing VHDL file "C:/Users/antho/Documents/Programmes/S4APP2/new/pb_logique_seq/pb_logique_seq.srcs/sources_1/imports/new/affhex_pmodssd_v3.vhd" into library xil_defaultlib
INFO: [VRFC 10-3107] analyzing entity 'affhexPmodSSD_v3'
INFO: [VRFC 10-163] Analyzing VHDL file "C:/Users/antho/Documents/Programmes/S4APP2/new/pb_logique_seq/pb_logique_seq.srcs/sources_1/new/M5_Compteur.vhd" into library xil_defaultlib
INFO: [VRFC 10-3107] analyzing entity 'M5_Compteur'
INFO: [VRFC 10-163] Analyzing VHDL file "C:/Users/antho/Documents/Programmes/S4APP2/new/pb_logique_seq/pb_logique_seq.srcs/sources_1/new/M5_MEF.vhd" into library xil_defaultlib
INFO: [VRFC 10-3107] analyzing entity 'M5_MEF'
INFO: [VRFC 10-163] Analyzing VHDL file "C:/Users/antho/Documents/Programmes/S4APP2/new/pb_logique_seq/pb_logique_seq.srcs/sources_1/new/M8_memory.vhd" into library xil_defaultlib
INFO: [VRFC 10-3107] analyzing entity 'M8_memory'
INFO: [VRFC 10-163] Analyzing VHDL file "C:/Users/antho/Documents/Programmes/S4APP2/new/pb_logique_seq/pb_logique_seq.srcs/sources_1/imports/new/calcul_param_1.vhd" into library xil_defaultlib
INFO: [VRFC 10-3107] analyzing entity 'calcul_param_1'
INFO: [VRFC 10-163] Analyzing VHDL file "C:/Users/antho/Documents/Programmes/S4APP2/new/pb_logique_seq/pb_logique_seq.srcs/sources_1/new/Additionneur_M6.vhd" into library xil_defaultlib
INFO: [VRFC 10-3107] analyzing entity 'Additionneur_M6'
INFO: [VRFC 10-163] Analyzing VHDL file "C:/Users/antho/Documents/Programmes/S4APP2/new/pb_logique_seq/pb_logique_seq.srcs/sources_1/new/Carre_24bits.vhd" into library xil_defaultlib
INFO: [VRFC 10-3107] analyzing entity 'Carre_24bits'
INFO: [VRFC 10-163] Analyzing VHDL file "C:/Users/antho/Documents/Programmes/S4APP2/new/pb_logique_seq/pb_logique_seq.srcs/sources_1/new/Conv24to29bits.vhd" into library xil_defaultlib
INFO: [VRFC 10-3107] analyzing entity 'Conv24to29bits'
INFO: [VRFC 10-163] Analyzing VHDL file "C:/Users/antho/Documents/Programmes/S4APP2/new/pb_logique_seq/pb_logique_seq.srcs/sources_1/new/Conv29to8bits.vhd" into library xil_defaultlib
INFO: [VRFC 10-3107] analyzing entity 'Conv29to8bits'
INFO: [VRFC 10-163] Analyzing VHDL file "C:/Users/antho/Documents/Programmes/S4APP2/new/pb_logique_seq/pb_logique_seq.srcs/sources_1/new/Multipli_31over32.vhd" into library xil_defaultlib
INFO: [VRFC 10-3107] analyzing entity 'Multipli_31over32'
INFO: [VRFC 10-163] Analyzing VHDL file "C:/Users/antho/Documents/Programmes/S4APP2/new/pb_logique_seq/pb_logique_seq.srcs/sources_1/new/reg_29b.vhd" into library xil_defaultlib
INFO: [VRFC 10-3107] analyzing entity 'reg_29b'
INFO: [VRFC 10-163] Analyzing VHDL file "C:/Users/antho/Documents/Programmes/S4APP2/new/pb_logique_seq/pb_logique_seq.srcs/sources_1/imports/new/calcul_param_2.vhd" into library xil_defaultlib
INFO: [VRFC 10-3107] analyzing entity 'calcul_param_2'
INFO: [VRFC 10-163] Analyzing VHDL file "C:/Users/antho/Documents/Programmes/S4APP2/new/pb_logique_seq/pb_logique_seq.srcs/sources_1/imports/new/calcul_param_3.vhd" into library xil_defaultlib
INFO: [VRFC 10-3107] analyzing entity 'calcul_param_3'
INFO: [VRFC 10-163] Analyzing VHDL file "C:/Users/antho/Documents/Programmes/S4APP2/new/pb_logique_seq/pb_logique_seq.srcs/sources_1/imports/new/conditionne_btn_v7.vhd" into library xil_defaultlib
INFO: [VRFC 10-3107] analyzing entity 'conditionne_btn_v7'
INFO: [VRFC 10-163] Analyzing VHDL file "C:/Users/antho/Documents/Programmes/S4APP2/new/pb_logique_seq/pb_logique_seq.srcs/sources_1/imports/new/strb_gen_v3.vhd" into library xil_defaultlib
INFO: [VRFC 10-3107] analyzing entity 'strb_gen'
INFO: [VRFC 10-163] Analyzing VHDL file "C:/Users/antho/Documents/Programmes/S4APP2/new/pb_logique_seq/pb_logique_seq.srcs/sources_1/imports/new/module_commande.vhd" into library xil_defaultlib
INFO: [VRFC 10-3107] analyzing entity 'module_commande'
INFO: [VRFC 10-163] Analyzing VHDL file "C:/Users/antho/Documents/Programmes/S4APP2/new/pb_logique_seq/pb_logique_seq.srcs/sources_1/imports/new/mux4.vhd" into library xil_defaultlib
INFO: [VRFC 10-3107] analyzing entity 'mux4'
INFO: [VRFC 10-163] Analyzing VHDL file "C:/Users/antho/Documents/Programmes/S4APP2/new/pb_logique_seq/pb_logique_seq.srcs/sources_1/imports/new/sig_fct_3.vhd" into library xil_defaultlib
INFO: [VRFC 10-3107] analyzing entity 'sig_fct_3'
INFO: [VRFC 10-163] Analyzing VHDL file "C:/Users/antho/Documents/Programmes/S4APP2/new/pb_logique_seq/pb_logique_seq.srcs/sources_1/imports/new/sig_fct_sat_dure.vhd" into library xil_defaultlib
INFO: [VRFC 10-3107] analyzing entity 'sig_fct_sat_dure'
INFO: [VRFC 10-163] Analyzing VHDL file "C:/Users/antho/Documents/Programmes/S4APP2/new/pb_logique_seq/pb_logique_seq.ip_user_files/bd/design_1/ip/design_1_compteur_nbits_0_0/sim/design_1_compteur_nbits_0_0.vhd" into library xil_defaultlib
INFO: [VRFC 10-3107] analyzing entity 'design_1_compteur_nbits_0_0'
INFO: [VRFC 10-163] Analyzing VHDL file "C:/Users/antho/Documents/Programmes/S4APP2/new/pb_logique_seq/pb_logique_seq.ip_user_files/bd/design_1/ip/design_1_mef_decod_i2s_v1b_0_0/sim/design_1_mef_decod_i2s_v1b_0_0.vhd" into library xil_defaultlib
INFO: [VRFC 10-3107] analyzing entity 'design_1_mef_decod_i2s_v1b_0_0'
INFO: [VRFC 10-163] Analyzing VHDL file "C:/Users/antho/Documents/Programmes/S4APP2/new/pb_logique_seq/pb_logique_seq.ip_user_files/bd/design_1/ip/design_1_reg_24b_0_0/sim/design_1_reg_24b_0_0.vhd" into library xil_defaultlib
INFO: [VRFC 10-3107] analyzing entity 'design_1_reg_24b_0_0'
INFO: [VRFC 10-163] Analyzing VHDL file "C:/Users/antho/Documents/Programmes/S4APP2/new/pb_logique_seq/pb_logique_seq.ip_user_files/bd/design_1/ip/design_1_reg_24b_0_1/sim/design_1_reg_24b_0_1.vhd" into library xil_defaultlib
INFO: [VRFC 10-3107] analyzing entity 'design_1_reg_24b_0_1'
INFO: [VRFC 10-163] Analyzing VHDL file "C:/Users/antho/Documents/Programmes/S4APP2/new/pb_logique_seq/pb_logique_seq.ip_user_files/bd/design_1/ip/design_1_reg_dec_24b_0_0/sim/design_1_reg_dec_24b_0_0.vhd" into library xil_defaultlib
INFO: [VRFC 10-3107] analyzing entity 'design_1_reg_dec_24b_0_0'
INFO: [VRFC 10-163] Analyzing VHDL file "C:/Users/antho/Documents/Programmes/S4APP2/new/pb_logique_seq/pb_logique_seq.ip_user_files/bd/design_1/ip/design_1_compteur_nbits_0_1/sim/design_1_compteur_nbits_0_1.vhd" into library xil_defaultlib
INFO: [VRFC 10-3107] analyzing entity 'design_1_compteur_nbits_0_1'
INFO: [VRFC 10-163] Analyzing VHDL file "C:/Users/antho/Documents/Programmes/S4APP2/new/pb_logique_seq/pb_logique_seq.ip_user_files/bd/design_1/ip/design_1_mef_cod_i2s_vsb_0_0/sim/design_1_mef_cod_i2s_vsb_0_0.vhd" into library xil_defaultlib
INFO: [VRFC 10-3107] analyzing entity 'design_1_mef_cod_i2s_vsb_0_0'
INFO: [VRFC 10-163] Analyzing VHDL file "C:/Users/antho/Documents/Programmes/S4APP2/new/pb_logique_seq/pb_logique_seq.ip_user_files/bd/design_1/ip/design_1_mux2_0_0/sim/design_1_mux2_0_0.vhd" into library xil_defaultlib
INFO: [VRFC 10-3107] analyzing entity 'design_1_mux2_0_0'
INFO: [VRFC 10-163] Analyzing VHDL file "C:/Users/antho/Documents/Programmes/S4APP2/new/pb_logique_seq/pb_logique_seq.ip_user_files/bd/design_1/ip/design_1_reg_dec_24b_fd_0_0/sim/design_1_reg_dec_24b_fd_0_0.vhd" into library xil_defaultlib
INFO: [VRFC 10-3107] analyzing entity 'design_1_reg_dec_24b_fd_0_0'
INFO: [VRFC 10-163] Analyzing VHDL file "C:/Users/antho/Documents/Programmes/S4APP2/new/pb_logique_seq/pb_logique_seq.ip_user_files/bd/design_1/ip/design_1_affhexPmodSSD_v3_0_0/sim/design_1_affhexPmodSSD_v3_0_0.vhd" into library xil_defaultlib
INFO: [VRFC 10-3107] analyzing entity 'design_1_affhexPmodSSD_v3_0_0'
INFO: [VRFC 10-163] Analyzing VHDL file "C:/Users/antho/Documents/Programmes/S4APP2/new/pb_logique_seq/pb_logique_seq.ip_user_files/bd/design_1/ip/design_1_calcul_param_1_0_0/sim/design_1_calcul_param_1_0_0.vhd" into library xil_defaultlib
INFO: [VRFC 10-3107] analyzing entity 'design_1_calcul_param_1_0_0'
INFO: [VRFC 10-163] Analyzing VHDL file "C:/Users/antho/Documents/Programmes/S4APP2/new/pb_logique_seq/pb_logique_seq.ip_user_files/bd/design_1/ip/design_1_calcul_param_2_0_0/sim/design_1_calcul_param_2_0_0.vhd" into library xil_defaultlib
INFO: [VRFC 10-3107] analyzing entity 'design_1_calcul_param_2_0_0'
INFO: [VRFC 10-163] Analyzing VHDL file "C:/Users/antho/Documents/Programmes/S4APP2/new/pb_logique_seq/pb_logique_seq.ip_user_files/bd/design_1/ip/design_1_calcul_param_3_0_0/sim/design_1_calcul_param_3_0_0.vhd" into library xil_defaultlib
INFO: [VRFC 10-3107] analyzing entity 'design_1_calcul_param_3_0_0'
INFO: [VRFC 10-163] Analyzing VHDL file "C:/Users/antho/Documents/Programmes/S4APP2/new/pb_logique_seq/pb_logique_seq.ip_user_files/bd/design_1/ip/design_1_module_commande_0_0/sim/design_1_module_commande_0_0.vhd" into library xil_defaultlib
INFO: [VRFC 10-3107] analyzing entity 'design_1_module_commande_0_0'
INFO: [VRFC 10-163] Analyzing VHDL file "C:/Users/antho/Documents/Programmes/S4APP2/new/pb_logique_seq/pb_logique_seq.ip_user_files/bd/design_1/ip/design_1_mux4_0_0/sim/design_1_mux4_0_0.vhd" into library xil_defaultlib
INFO: [VRFC 10-3107] analyzing entity 'design_1_mux4_0_0'
INFO: [VRFC 10-163] Analyzing VHDL file "C:/Users/antho/Documents/Programmes/S4APP2/new/pb_logique_seq/pb_logique_seq.ip_user_files/bd/design_1/ip/design_1_mux4_0_1/sim/design_1_mux4_0_1.vhd" into library xil_defaultlib
INFO: [VRFC 10-3107] analyzing entity 'design_1_mux4_0_1'
INFO: [VRFC 10-163] Analyzing VHDL file "C:/Users/antho/Documents/Programmes/S4APP2/new/pb_logique_seq/pb_logique_seq.ip_user_files/bd/design_1/ip/design_1_sig_fct_3_0_0/sim/design_1_sig_fct_3_0_0.vhd" into library xil_defaultlib
INFO: [VRFC 10-3107] analyzing entity 'design_1_sig_fct_3_0_0'
INFO: [VRFC 10-163] Analyzing VHDL file "C:/Users/antho/Documents/Programmes/S4APP2/new/pb_logique_seq/pb_logique_seq.ip_user_files/bd/design_1/ip/design_1_sig_fct_sat_dure_0_0/sim/design_1_sig_fct_sat_dure_0_0.vhd" into library xil_defaultlib
INFO: [VRFC 10-3107] analyzing entity 'design_1_sig_fct_sat_dure_0_0'
INFO: [VRFC 10-163] Analyzing VHDL file "C:/Users/antho/Documents/Programmes/S4APP2/new/pb_logique_seq/pb_logique_seq.ip_user_files/bd/design_1/ip/design_1_sig_fct_sat_dure_0_1/sim/design_1_sig_fct_sat_dure_0_1.vhd" into library xil_defaultlib
INFO: [VRFC 10-3107] analyzing entity 'design_1_sig_fct_sat_dure_0_1'
INFO: [VRFC 10-163] Analyzing VHDL file "C:/Users/antho/Documents/Programmes/S4APP2/new/pb_logique_seq/pb_logique_seq.ip_user_files/bd/design_1/sim/design_1.vhd" into library xil_defaultlib
INFO: [VRFC 10-3107] analyzing entity 'M1_decodeur_i2s_imp_17RYJKZ'
INFO: [VRFC 10-3107] analyzing entity 'M9_codeur_i2s_imp_1VJCTGL'
INFO: [VRFC 10-3107] analyzing entity 'design_1'
INFO: [VRFC 10-163] Analyzing VHDL file "C:/Users/antho/Documents/Programmes/S4APP2/new/pb_logique_seq/pb_logique_seq.srcs/sim_1/imports/new/simul_module_sig_tb.vhd" into library xil_defaultlib
INFO: [VRFC 10-3107] analyzing entity 'simul_module_sig_tb'
run_program: Time (s): cpu = 00:00:00 ; elapsed = 00:00:11 . Memory (MB): peak = 1291.914 ; gain = 0.000
INFO: [USF-XSim-69] 'compile' step finished in '11' seconds
INFO: [USF-XSim-3] XSim::Elaborate design
INFO: [USF-XSim-61] Executing 'ELABORATE' step in 'C:/Users/antho/Documents/Programmes/S4APP2/new/pb_logique_seq/pb_logique_seq.sim/sim_1/behav/xsim'
"xelab -wto ae302d5aa3284400815652c101d33dae --incr --debug typical --relax --mt 2 -L xil_defaultlib -L util_vector_logic_v2_0_1 -L xlconcat_v2_1_4 -L xlconstant_v1_1_7 -L xlslice_v1_0_2 -L unisims_ver -L unimacro_ver -L secureip -L xpm --snapshot simul_module_sig_tb_behav xil_defaultlib.simul_module_sig_tb xil_defaultlib.glbl -log elaborate.log"
Vivado Simulator 2020.2
Copyright 1986-1999, 2001-2020 Xilinx, Inc. All Rights Reserved.
Running: C:/Xilinx/Vivado/2020.2/bin/unwrapped/win64.o/xelab.exe -wto ae302d5aa3284400815652c101d33dae --incr --debug typical --relax --mt 2 -L xil_defaultlib -L util_vector_logic_v2_0_1 -L xlconcat_v2_1_4 -L xlconstant_v1_1_7 -L xlslice_v1_0_2 -L unisims_ver -L unimacro_ver -L secureip -L xpm --snapshot simul_module_sig_tb_behav xil_defaultlib.simul_module_sig_tb xil_defaultlib.glbl -log elaborate.log 
Using 2 slave threads.
Starting static elaboration
Pass Through NonSizing Optimizer
ERROR: [VRFC 10-494] choice "010111" should have 7 elements [C:/Users/antho/Documents/Programmes/S4APP2/new/pb_logique_seq/pb_logique_seq.srcs/sources_1/imports/new/mef_decod_i2s_v1b.vhd:74]
ERROR: [XSIM 43-3322] Static elaboration of top level Verilog design unit(s) in library work failed.
INFO: [USF-XSim-69] 'elaborate' step finished in '3' seconds
INFO: [USF-XSim-99] Step results log file:'C:/Users/antho/Documents/Programmes/S4APP2/new/pb_logique_seq/pb_logique_seq.sim/sim_1/behav/xsim/elaborate.log'
ERROR: [USF-XSim-62] 'elaborate' step failed with error(s). Please check the Tcl console output or 'C:/Users/antho/Documents/Programmes/S4APP2/new/pb_logique_seq/pb_logique_seq.sim/sim_1/behav/xsim/elaborate.log' file for more information.
ERROR: [Vivado 12-4473] Detected error while running simulation. Please correct the issue and retry this operation.
launch_simulation: Time (s): cpu = 00:00:02 ; elapsed = 00:00:29 . Memory (MB): peak = 1291.914 ; gain = 0.000
ERROR: [Common 17-39] 'launch_simulation' failed due to earlier errors.
update_module_reference design_1_mef_decod_i2s_v1b_0_0
INFO: [IP_Flow 19-5107] Inferred bus interface 'i_reset' of definition 'xilinx.com:signal:reset:1.0' (from Xilinx Repository).
INFO: [IP_Flow 19-5107] Inferred bus interface 'o_cpt_bit_reset' of definition 'xilinx.com:signal:reset:1.0' (from Xilinx Repository).
INFO: [IP_Flow 19-234] Refreshing IP repositories
INFO: [IP_Flow 19-1704] No user IP repositories specified
Upgrading 'C:/Users/antho/Documents/Programmes/S4APP2/new/pb_logique_seq/pb_logique_seq.srcs/sources_1/bd/design_1/design_1.bd'
INFO: [IP_Flow 19-1972] Upgraded design_1_mef_decod_i2s_v1b_0_0 from mef_decod_i2s_v1b_v1_0 1.0 to mef_decod_i2s_v1b_v1_0 1.0
Wrote  : <C:\Users\antho\Documents\Programmes\S4APP2\new\pb_logique_seq\pb_logique_seq.srcs\sources_1\bd\design_1\design_1.bd> 
Wrote  : <C:/Users/antho/Documents/Programmes/S4APP2/new/pb_logique_seq/pb_logique_seq.srcs/sources_1/bd/design_1/ui/bd_1f5defd0.ui> 
Wrote  : <C:/Users/antho/Documents/Programmes/S4APP2/new/pb_logique_seq/pb_logique_seq.srcs/sources_1/bd/design_1/ui/bd_a93fd001.ui> 
update_module_reference: Time (s): cpu = 00:00:01 ; elapsed = 00:00:26 . Memory (MB): peak = 1312.309 ; gain = 16.133
generate_target Simulation [get_files C:/Users/antho/Documents/Programmes/S4APP2/new/pb_logique_seq/pb_logique_seq.srcs/sources_1/bd/design_1/design_1.bd]
CRITICAL WARNING: [BD 41-1348] Reset pin /M1_decodeur_i2s/registre_24bits_droite/i_reset (associated clock /M1_decodeur_i2s/registre_24bits_droite/i_clk) is connected to asynchronous reset source /M8_commande/o_reset.
This may prevent design from meeting timing. Please add Processor System Reset module to create a reset that is synchronous to the associated clock source /clk_100MHz.
CRITICAL WARNING: [BD 41-1348] Reset pin /M1_decodeur_i2s/registre_24bits_gauche/i_reset (associated clock /M1_decodeur_i2s/registre_24bits_gauche/i_clk) is connected to asynchronous reset source /M8_commande/o_reset.
This may prevent design from meeting timing. Please add Processor System Reset module to create a reset that is synchronous to the associated clock source /clk_100MHz.
CRITICAL WARNING: [BD 41-1348] Reset pin /M1_decodeur_i2s/registre_decalage_24bits/i_reset (associated clock /M1_decodeur_i2s/registre_decalage_24bits/i_clk) is connected to asynchronous reset source /M8_commande/o_reset.
This may prevent design from meeting timing. Please add Processor System Reset module to create a reset that is synchronous to the associated clock source /clk_100MHz.
CRITICAL WARNING: [BD 41-1348] Reset pin /M9_codeur_i2s/reg_dec_24b_fd_0/i_reset (associated clock /M9_codeur_i2s/reg_dec_24b_fd_0/i_clk) is connected to asynchronous reset source /M8_commande/o_reset.
This may prevent design from meeting timing. Please add Processor System Reset module to create a reset that is synchronous to the associated clock source /clk_100MHz.
CRITICAL WARNING: [BD 41-1348] Reset pin /M10_conversion_affichage/reset (associated clock /M10_conversion_affichage/clk) is connected to asynchronous reset source /M8_commande/o_reset.
This may prevent design from meeting timing. Please add Processor System Reset module to create a reset that is synchronous to the associated clock source /clk_100MHz.
CRITICAL WARNING: [BD 41-759] The input pins (listed below) are either not connected or do not have a source port, and they don't have a tie-off specified. These pins are tied-off to all 0's to avoid error in Implementation flow.
Please check your design and connect them as needed: 
/M1_decodeur_i2s/registre_decalage_24bits/i_load
/M1_decodeur_i2s/registre_decalage_24bits/i_dat_load

Wrote  : <C:\Users\antho\Documents\Programmes\S4APP2\new\pb_logique_seq\pb_logique_seq.srcs\sources_1\bd\design_1\design_1.bd> 
Wrote  : <C:/Users/antho/Documents/Programmes/S4APP2/new/pb_logique_seq/pb_logique_seq.srcs/sources_1/bd/design_1/ui/bd_1f5defd0.ui> 
Wrote  : <C:/Users/antho/Documents/Programmes/S4APP2/new/pb_logique_seq/pb_logique_seq.srcs/sources_1/bd/design_1/ui/bd_a93fd001.ui> 
VHDL Output written to : c:/Users/antho/Documents/Programmes/S4APP2/new/pb_logique_seq/pb_logique_seq.gen/sources_1/bd/design_1/synth/design_1.vhd
VHDL Output written to : c:/Users/antho/Documents/Programmes/S4APP2/new/pb_logique_seq/pb_logique_seq.gen/sources_1/bd/design_1/sim/design_1.vhd
VHDL Output written to : c:/Users/antho/Documents/Programmes/S4APP2/new/pb_logique_seq/pb_logique_seq.gen/sources_1/bd/design_1/hdl/design_1_wrapper.vhd
Wrote  : <C:/Users/antho/Documents/Programmes/S4APP2/new/pb_logique_seq/pb_logique_seq.srcs/sources_1/bd/design_1/ui/bd_1f5defd0.ui> 
Wrote  : <C:/Users/antho/Documents/Programmes/S4APP2/new/pb_logique_seq/pb_logique_seq.srcs/sources_1/bd/design_1/ui/bd_a93fd001.ui> 
INFO: [BD 41-1029] Generation completed for the IP Integrator block M1_decodeur_i2s/MEF_decodeur_i2s .
Exporting to file c:/Users/antho/Documents/Programmes/S4APP2/new/pb_logique_seq/pb_logique_seq.gen/sources_1/bd/design_1/hw_handoff/design_1.hwh
Generated Block Design Tcl file c:/Users/antho/Documents/Programmes/S4APP2/new/pb_logique_seq/pb_logique_seq.gen/sources_1/bd/design_1/hw_handoff/design_1_bd.tcl
Generated Hardware Definition File c:/Users/antho/Documents/Programmes/S4APP2/new/pb_logique_seq/pb_logique_seq.gen/sources_1/bd/design_1/synth/design_1.hwdef
export_ip_user_files -of_objects [get_files C:/Users/antho/Documents/Programmes/S4APP2/new/pb_logique_seq/pb_logique_seq.srcs/sources_1/bd/design_1/design_1.bd] -no_script -sync -force -quiet
export_simulation -of_objects [get_files C:/Users/antho/Documents/Programmes/S4APP2/new/pb_logique_seq/pb_logique_seq.srcs/sources_1/bd/design_1/design_1.bd] -directory C:/Users/antho/Documents/Programmes/S4APP2/new/pb_logique_seq/pb_logique_seq.ip_user_files/sim_scripts -ip_user_files_dir C:/Users/antho/Documents/Programmes/S4APP2/new/pb_logique_seq/pb_logique_seq.ip_user_files -ipstatic_source_dir C:/Users/antho/Documents/Programmes/S4APP2/new/pb_logique_seq/pb_logique_seq.ip_user_files/ipstatic -lib_map_path [list {modelsim=C:/Users/antho/Documents/Programmes/S4APP2/new/pb_logique_seq/pb_logique_seq.cache/compile_simlib/modelsim} {questa=C:/Users/antho/Documents/Programmes/S4APP2/new/pb_logique_seq/pb_logique_seq.cache/compile_simlib/questa} {riviera=C:/Users/antho/Documents/Programmes/S4APP2/new/pb_logique_seq/pb_logique_seq.cache/compile_simlib/riviera} {activehdl=C:/Users/antho/Documents/Programmes/S4APP2/new/pb_logique_seq/pb_logique_seq.cache/compile_simlib/activehdl}] -use_ip_compiled_libs -force -quiet
