#-----------------------------------------------------------
# Vivado v2020.2 (64-bit)
# SW Build 3064766 on Wed Nov 18 09:12:45 MST 2020
# IP Build 3064653 on Wed Nov 18 14:17:31 MST 2020
# Start of session at: Thu May 26 16:25:36 2022
# Process ID: 2664
# Current directory: C:/Users/antho/Documents/Programmes/S4APP2/new/pb_logique_seq
# Command line: vivado.exe -gui_launcher_event rodinguilauncherevent12492 C:\Users\antho\Documents\Programmes\S4APP2\new\pb_logique_seq\pb_logique_seq.xpr
# Log file: C:/Users/antho/Documents/Programmes/S4APP2/new/pb_logique_seq/vivado.log
# Journal file: C:/Users/antho/Documents/Programmes/S4APP2/new/pb_logique_seq\vivado.jou
#-----------------------------------------------------------
start_gui
open_project C:/Users/antho/Documents/Programmes/S4APP2/new/pb_logique_seq/pb_logique_seq.xpr
Scanning sources...
Finished scanning sources
INFO: [IP_Flow 19-234] Refreshing IP repositories
INFO: [IP_Flow 19-1704] No user IP repositories specified
INFO: [IP_Flow 19-2313] Loaded Vivado IP repository 'C:/Xilinx/Vivado/2020.2/data/ip'.
open_project: Time (s): cpu = 00:00:20 ; elapsed = 00:00:09 . Memory (MB): peak = 1095.133 ; gain = 0.000
update_module_reference design_1_mef_decod_i2s_v1b_0_0
INFO: [IP_Flow 19-5107] Inferred bus interface 'i_reset' of definition 'xilinx.com:signal:reset:1.0' (from Xilinx Repository).
INFO: [IP_Flow 19-5107] Inferred bus interface 'o_cpt_bit_reset' of definition 'xilinx.com:signal:reset:1.0' (from Xilinx Repository).
INFO: [IP_Flow 19-234] Refreshing IP repositories
INFO: [IP_Flow 19-1704] No user IP repositories specified
Reading block design file <C:/Users/antho/Documents/Programmes/S4APP2/new/pb_logique_seq/pb_logique_seq.srcs/sources_1/bd/design_1/design_1.bd>...
Adding component instance block -- xilinx.com:module_ref:compteur_nbits:1.0 - compteur_7bits
Adding component instance block -- xilinx.com:module_ref:reg_24b:1.0 - registre_24bits_droite
Adding component instance block -- xilinx.com:module_ref:reg_24b:1.0 - registre_24bits_gauche
Adding component instance block -- xilinx.com:module_ref:reg_dec_24b:1.0 - registre_decalage_24bits
Adding component instance block -- xilinx.com:module_ref:mef_decod_i2s_v1b:1.0 - MEF_decodeur_i2s
Adding component instance block -- xilinx.com:module_ref:compteur_nbits:1.0 - compteur_nbits_0
Adding component instance block -- xilinx.com:module_ref:mef_cod_i2s_vsb:1.0 - mef_cod_i2s_vsb_0
Adding component instance block -- xilinx.com:module_ref:mux2:1.0 - mux2_0
Adding component instance block -- xilinx.com:module_ref:reg_dec_24b_fd:1.0 - reg_dec_24b_fd_0
Adding component instance block -- xilinx.com:ip:util_vector_logic:2.0 - util_vector_logic_0
Adding component instance block -- xilinx.com:ip:xlconcat:2.1 - xlconcat_0
Adding component instance block -- xilinx.com:ip:xlconstant:1.1 - xlconstant_0
Adding component instance block -- xilinx.com:ip:xlslice:1.0 - xlslice_0
Adding component instance block -- xilinx.com:module_ref:affhexPmodSSD_v3:1.0 - M10_conversion_affichage
Adding component instance block -- xilinx.com:module_ref:calcul_param_3:1.0 - M7_parametre_3
Adding component instance block -- xilinx.com:module_ref:mux4:1.0 - Multiplexeur_choix_fonction
Adding component instance block -- xilinx.com:module_ref:mux4:1.0 - Multiplexeur_choix_parametre
Adding component instance block -- xilinx.com:module_ref:sig_fct_3:1.0 - M4_fonction3
Adding component instance block -- xilinx.com:module_ref:sig_fct_sat_dure:1.0 - M2_fonction_distortion_dure1
Adding component instance block -- xilinx.com:module_ref:sig_fct_sat_dure:1.0 - M3_fonction_distorsion_dure2
Adding component instance block -- xilinx.com:ip:xlconstant:1.1 - parametre_0
Adding component instance block -- xilinx.com:module_ref:calcul_param_1:1.0 - M5_parametre_1
Adding component instance block -- xilinx.com:module_ref:calcul_param_2:1.0 - M6_parametre_2
Adding component instance block -- xilinx.com:module_ref:module_commande:1.0 - M8_commande
Successfully read diagram <design_1> from block design file <C:/Users/antho/Documents/Programmes/S4APP2/new/pb_logique_seq/pb_logique_seq.srcs/sources_1/bd/design_1/design_1.bd>
Upgrading 'C:/Users/antho/Documents/Programmes/S4APP2/new/pb_logique_seq/pb_logique_seq.srcs/sources_1/bd/design_1/design_1.bd'
INFO: [IP_Flow 19-1972] Upgraded design_1_mef_decod_i2s_v1b_0_0 from mef_decod_i2s_v1b_v1_0 1.0 to mef_decod_i2s_v1b_v1_0 1.0
Wrote  : <C:\Users\antho\Documents\Programmes\S4APP2\new\pb_logique_seq\pb_logique_seq.srcs\sources_1\bd\design_1\design_1.bd> 
Wrote  : <C:/Users/antho/Documents/Programmes/S4APP2/new/pb_logique_seq/pb_logique_seq.srcs/sources_1/bd/design_1/ui/bd_1f5defd0.ui> 
Wrote  : <C:/Users/antho/Documents/Programmes/S4APP2/new/pb_logique_seq/pb_logique_seq.srcs/sources_1/bd/design_1/ui/bd_a93fd001.ui> 
upgrade_ip: Time (s): cpu = 00:00:21 ; elapsed = 00:00:13 . Memory (MB): peak = 1103.809 ; gain = 8.676
update_module_reference: Time (s): cpu = 00:00:22 ; elapsed = 00:00:34 . Memory (MB): peak = 1103.809 ; gain = 8.676
update_compile_order -fileset sources_1
generate_target Simulation [get_files C:/Users/antho/Documents/Programmes/S4APP2/new/pb_logique_seq/pb_logique_seq.srcs/sources_1/bd/design_1/design_1.bd]
CRITICAL WARNING: [BD 41-1348] Reset pin /M1_decodeur_i2s/registre_24bits_droite/i_reset (associated clock /M1_decodeur_i2s/registre_24bits_droite/i_clk) is connected to asynchronous reset source /M8_commande/o_reset.
This may prevent design from meeting timing. Please add Processor System Reset module to create a reset that is synchronous to the associated clock source /clk_100MHz.
CRITICAL WARNING: [BD 41-1348] Reset pin /M1_decodeur_i2s/registre_24bits_gauche/i_reset (associated clock /M1_decodeur_i2s/registre_24bits_gauche/i_clk) is connected to asynchronous reset source /M8_commande/o_reset.
This may prevent design from meeting timing. Please add Processor System Reset module to create a reset that is synchronous to the associated clock source /clk_100MHz.
CRITICAL WARNING: [BD 41-1348] Reset pin /M1_decodeur_i2s/registre_decalage_24bits/i_reset (associated clock /M1_decodeur_i2s/registre_decalage_24bits/i_clk) is connected to asynchronous reset source /M8_commande/o_reset.
This may prevent design from meeting timing. Please add Processor System Reset module to create a reset that is synchronous to the associated clock source /clk_100MHz.
CRITICAL WARNING: [BD 41-1348] Reset pin /M9_codeur_i2s/reg_dec_24b_fd_0/i_reset (associated clock /M9_codeur_i2s/reg_dec_24b_fd_0/i_clk) is connected to asynchronous reset source /M8_commande/o_reset.
This may prevent design from meeting timing. Please add Processor System Reset module to create a reset that is synchronous to the associated clock source /clk_100MHz.
CRITICAL WARNING: [BD 41-1348] Reset pin /M10_conversion_affichage/reset (associated clock /M10_conversion_affichage/clk) is connected to asynchronous reset source /M8_commande/o_reset.
This may prevent design from meeting timing. Please add Processor System Reset module to create a reset that is synchronous to the associated clock source /clk_100MHz.
CRITICAL WARNING: [BD 41-759] The input pins (listed below) are either not connected or do not have a source port, and they don't have a tie-off specified. These pins are tied-off to all 0's to avoid error in Implementation flow.
Please check your design and connect them as needed: 
/M1_decodeur_i2s/registre_decalage_24bits/i_load
/M1_decodeur_i2s/registre_decalage_24bits/i_dat_load

Wrote  : <C:\Users\antho\Documents\Programmes\S4APP2\new\pb_logique_seq\pb_logique_seq.srcs\sources_1\bd\design_1\design_1.bd> 
Wrote  : <C:/Users/antho/Documents/Programmes/S4APP2/new/pb_logique_seq/pb_logique_seq.srcs/sources_1/bd/design_1/ui/bd_1f5defd0.ui> 
Wrote  : <C:/Users/antho/Documents/Programmes/S4APP2/new/pb_logique_seq/pb_logique_seq.srcs/sources_1/bd/design_1/ui/bd_a93fd001.ui> 
VHDL Output written to : c:/Users/antho/Documents/Programmes/S4APP2/new/pb_logique_seq/pb_logique_seq.gen/sources_1/bd/design_1/synth/design_1.vhd
VHDL Output written to : c:/Users/antho/Documents/Programmes/S4APP2/new/pb_logique_seq/pb_logique_seq.gen/sources_1/bd/design_1/sim/design_1.vhd
VHDL Output written to : c:/Users/antho/Documents/Programmes/S4APP2/new/pb_logique_seq/pb_logique_seq.gen/sources_1/bd/design_1/hdl/design_1_wrapper.vhd
Wrote  : <C:/Users/antho/Documents/Programmes/S4APP2/new/pb_logique_seq/pb_logique_seq.srcs/sources_1/bd/design_1/ui/bd_1f5defd0.ui> 
Wrote  : <C:/Users/antho/Documents/Programmes/S4APP2/new/pb_logique_seq/pb_logique_seq.srcs/sources_1/bd/design_1/ui/bd_a93fd001.ui> 
INFO: [BD 41-1029] Generation completed for the IP Integrator block M1_decodeur_i2s/MEF_decodeur_i2s .
Exporting to file c:/Users/antho/Documents/Programmes/S4APP2/new/pb_logique_seq/pb_logique_seq.gen/sources_1/bd/design_1/hw_handoff/design_1.hwh
Generated Block Design Tcl file c:/Users/antho/Documents/Programmes/S4APP2/new/pb_logique_seq/pb_logique_seq.gen/sources_1/bd/design_1/hw_handoff/design_1_bd.tcl
Generated Hardware Definition File c:/Users/antho/Documents/Programmes/S4APP2/new/pb_logique_seq/pb_logique_seq.gen/sources_1/bd/design_1/synth/design_1.hwdef
export_ip_user_files -of_objects [get_files C:/Users/antho/Documents/Programmes/S4APP2/new/pb_logique_seq/pb_logique_seq.srcs/sources_1/bd/design_1/design_1.bd] -no_script -sync -force -quiet
export_simulation -of_objects [get_files C:/Users/antho/Documents/Programmes/S4APP2/new/pb_logique_seq/pb_logique_seq.srcs/sources_1/bd/design_1/design_1.bd] -directory C:/Users/antho/Documents/Programmes/S4APP2/new/pb_logique_seq/pb_logique_seq.ip_user_files/sim_scripts -ip_user_files_dir C:/Users/antho/Documents/Programmes/S4APP2/new/pb_logique_seq/pb_logique_seq.ip_user_files -ipstatic_source_dir C:/Users/antho/Documents/Programmes/S4APP2/new/pb_logique_seq/pb_logique_seq.ip_user_files/ipstatic -lib_map_path [list {modelsim=C:/Users/antho/Documents/Programmes/S4APP2/new/pb_logique_seq/pb_logique_seq.cache/compile_simlib/modelsim} {questa=C:/Users/antho/Documents/Programmes/S4APP2/new/pb_logique_seq/pb_logique_seq.cache/compile_simlib/questa} {riviera=C:/Users/antho/Documents/Programmes/S4APP2/new/pb_logique_seq/pb_logique_seq.cache/compile_simlib/riviera} {activehdl=C:/Users/antho/Documents/Programmes/S4APP2/new/pb_logique_seq/pb_logique_seq.cache/compile_simlib/activehdl}] -use_ip_compiled_libs -force -quiet
launch_simulation
Command: launch_simulation 
INFO: [Vivado 12-5682] Launching behavioral simulation in 'C:/Users/antho/Documents/Programmes/S4APP2/new/pb_logique_seq/pb_logique_seq.sim/sim_1/behav/xsim'
INFO: [Vivado 12-4795] Using compiled simulation libraries for IPs
INFO: [SIM-utils-51] Simulation object is 'sim_1'
INFO: [USF-XSim-7] Finding pre-compiled libraries...
INFO: [USF-XSim-11] File 'C:/Xilinx/Vivado/2020.2/data/xsim/xsim.ini' copied to run dir:'C:/Users/antho/Documents/Programmes/S4APP2/new/pb_logique_seq/pb_logique_seq.sim/sim_1/behav/xsim'
INFO: [SIM-utils-54] Inspecting design source files for 'simul_module_sig_tb' in fileset 'sim_1'...
INFO: [USF-XSim-97] Finding global include files...
INFO: [USF-XSim-98] Fetching design files from 'sim_1'...
INFO: [USF-XSim-2] XSim::Compile design
INFO: [USF-XSim-61] Executing 'COMPILE and ANALYZE' step in 'C:/Users/antho/Documents/Programmes/S4APP2/new/pb_logique_seq/pb_logique_seq.sim/sim_1/behav/xsim'
"xvlog --incr --relax -prj simul_module_sig_tb_vlog.prj"
"xvhdl --incr --relax -prj simul_module_sig_tb_vhdl.prj"
INFO: [VRFC 10-163] Analyzing VHDL file "C:/Users/antho/Documents/Programmes/S4APP2/new/pb_logique_seq/pb_logique_seq.srcs/sources_1/imports/new/mef_decod_i2s_v1b.vhd" into library xil_defaultlib
INFO: [VRFC 10-3107] analyzing entity 'mef_decod_i2s_v1b'
INFO: [VRFC 10-163] Analyzing VHDL file "C:/Users/antho/Documents/Programmes/S4APP2/new/pb_logique_seq/pb_logique_seq.ip_user_files/bd/design_1/ip/design_1_mef_decod_i2s_v1b_0_0/sim/design_1_mef_decod_i2s_v1b_0_0.vhd" into library xil_defaultlib
INFO: [VRFC 10-3107] analyzing entity 'design_1_mef_decod_i2s_v1b_0_0'
INFO: [VRFC 10-163] Analyzing VHDL file "C:/Users/antho/Documents/Programmes/S4APP2/new/pb_logique_seq/pb_logique_seq.ip_user_files/bd/design_1/sim/design_1.vhd" into library xil_defaultlib
INFO: [VRFC 10-3107] analyzing entity 'M1_decodeur_i2s_imp_17RYJKZ'
INFO: [VRFC 10-3107] analyzing entity 'M9_codeur_i2s_imp_1VJCTGL'
INFO: [VRFC 10-3107] analyzing entity 'design_1'
INFO: [USF-XSim-69] 'compile' step finished in '4' seconds
INFO: [USF-XSim-3] XSim::Elaborate design
INFO: [USF-XSim-61] Executing 'ELABORATE' step in 'C:/Users/antho/Documents/Programmes/S4APP2/new/pb_logique_seq/pb_logique_seq.sim/sim_1/behav/xsim'
"xelab -wto ae302d5aa3284400815652c101d33dae --incr --debug typical --relax --mt 2 -L xil_defaultlib -L util_vector_logic_v2_0_1 -L xlconcat_v2_1_4 -L xlconstant_v1_1_7 -L xlslice_v1_0_2 -L unisims_ver -L unimacro_ver -L secureip -L xpm --snapshot simul_module_sig_tb_behav xil_defaultlib.simul_module_sig_tb xil_defaultlib.glbl -log elaborate.log"
Vivado Simulator 2020.2
Copyright 1986-1999, 2001-2020 Xilinx, Inc. All Rights Reserved.
Running: C:/Xilinx/Vivado/2020.2/bin/unwrapped/win64.o/xelab.exe -wto ae302d5aa3284400815652c101d33dae --incr --debug typical --relax --mt 2 -L xil_defaultlib -L util_vector_logic_v2_0_1 -L xlconcat_v2_1_4 -L xlconstant_v1_1_7 -L xlslice_v1_0_2 -L unisims_ver -L unimacro_ver -L secureip -L xpm --snapshot simul_module_sig_tb_behav xil_defaultlib.simul_module_sig_tb xil_defaultlib.glbl -log elaborate.log 
Using 2 slave threads.
Starting static elaboration
Pass Through NonSizing Optimizer
WARNING: [VRFC 10-8437] comparison between unequal length arrays always returns FALSE, left argument length 4 is different from right argument length 2 for 'std_logic_vector_93' array [C:/Users/antho/Documents/Programmes/S4APP2/new/pb_logique_seq/pb_logique_seq.srcs/sources_1/imports/new/module_commande.vhd:61]
WARNING: [VRFC 10-8437] comparison between unequal length arrays always returns FALSE, left argument length 4 is different from right argument length 2 for 'std_logic_vector_93' array [C:/Users/antho/Documents/Programmes/S4APP2/new/pb_logique_seq/pb_logique_seq.srcs/sources_1/imports/new/module_commande.vhd:63]
WARNING: [VRFC 10-8437] comparison between unequal length arrays always returns FALSE, left argument length 4 is different from right argument length 2 for 'std_logic_vector_93' array [C:/Users/antho/Documents/Programmes/S4APP2/new/pb_logique_seq/pb_logique_seq.srcs/sources_1/imports/new/module_commande.vhd:65]
WARNING: [VRFC 10-8437] comparison between unequal length arrays always returns FALSE, left argument length 4 is different from right argument length 2 for 'std_logic_vector_93' array [C:/Users/antho/Documents/Programmes/S4APP2/new/pb_logique_seq/pb_logique_seq.srcs/sources_1/imports/new/module_commande.vhd:67]
WARNING: [VRFC 10-8437] comparison between unequal length arrays always returns FALSE, left argument length 4 is different from right argument length 2 for 'std_logic_vector_93' array [C:/Users/antho/Documents/Programmes/S4APP2/new/pb_logique_seq/pb_logique_seq.srcs/sources_1/imports/new/module_commande.vhd:73]
WARNING: [VRFC 10-8437] comparison between unequal length arrays always returns FALSE, left argument length 4 is different from right argument length 2 for 'std_logic_vector_93' array [C:/Users/antho/Documents/Programmes/S4APP2/new/pb_logique_seq/pb_logique_seq.srcs/sources_1/imports/new/module_commande.vhd:75]
WARNING: [VRFC 10-8437] comparison between unequal length arrays always returns FALSE, left argument length 4 is different from right argument length 2 for 'std_logic_vector_93' array [C:/Users/antho/Documents/Programmes/S4APP2/new/pb_logique_seq/pb_logique_seq.srcs/sources_1/imports/new/module_commande.vhd:77]
WARNING: [VRFC 10-8437] comparison between unequal length arrays always returns FALSE, left argument length 4 is different from right argument length 2 for 'std_logic_vector_93' array [C:/Users/antho/Documents/Programmes/S4APP2/new/pb_logique_seq/pb_logique_seq.srcs/sources_1/imports/new/module_commande.vhd:79]
WARNING: [VRFC 10-8437] comparison between unequal length arrays always returns FALSE, left argument length 4 is different from right argument length 2 for 'std_logic_vector_93' array [C:/Users/antho/Documents/Programmes/S4APP2/new/pb_logique_seq/pb_logique_seq.srcs/sources_1/imports/new/module_commande.vhd:85]
WARNING: [VRFC 10-8437] comparison between unequal length arrays always returns FALSE, left argument length 4 is different from right argument length 2 for 'std_logic_vector_93' array [C:/Users/antho/Documents/Programmes/S4APP2/new/pb_logique_seq/pb_logique_seq.srcs/sources_1/imports/new/module_commande.vhd:87]
WARNING: [VRFC 10-8437] comparison between unequal length arrays always returns FALSE, left argument length 4 is different from right argument length 2 for 'std_logic_vector_93' array [C:/Users/antho/Documents/Programmes/S4APP2/new/pb_logique_seq/pb_logique_seq.srcs/sources_1/imports/new/module_commande.vhd:89]
WARNING: [VRFC 10-8437] comparison between unequal length arrays always returns FALSE, left argument length 4 is different from right argument length 2 for 'std_logic_vector_93' array [C:/Users/antho/Documents/Programmes/S4APP2/new/pb_logique_seq/pb_logique_seq.srcs/sources_1/imports/new/module_commande.vhd:91]
WARNING: [VRFC 10-8437] comparison between unequal length arrays always returns FALSE, left argument length 4 is different from right argument length 2 for 'std_logic_vector_93' array [C:/Users/antho/Documents/Programmes/S4APP2/new/pb_logique_seq/pb_logique_seq.srcs/sources_1/imports/new/module_commande.vhd:97]
WARNING: [VRFC 10-8437] comparison between unequal length arrays always returns FALSE, left argument length 4 is different from right argument length 2 for 'std_logic_vector_93' array [C:/Users/antho/Documents/Programmes/S4APP2/new/pb_logique_seq/pb_logique_seq.srcs/sources_1/imports/new/module_commande.vhd:99]
WARNING: [VRFC 10-8437] comparison between unequal length arrays always returns FALSE, left argument length 4 is different from right argument length 2 for 'std_logic_vector_93' array [C:/Users/antho/Documents/Programmes/S4APP2/new/pb_logique_seq/pb_logique_seq.srcs/sources_1/imports/new/module_commande.vhd:101]
WARNING: [VRFC 10-8437] comparison between unequal length arrays always returns FALSE, left argument length 4 is different from right argument length 2 for 'std_logic_vector_93' array [C:/Users/antho/Documents/Programmes/S4APP2/new/pb_logique_seq/pb_logique_seq.srcs/sources_1/imports/new/module_commande.vhd:103]
Completed static elaboration
INFO: [XSIM 43-4323] No Change in HDL. Linking previously generated obj files to create kernel
INFO: [USF-XSim-69] 'elaborate' step finished in '4' seconds
INFO: [USF-XSim-4] XSim::Simulate design
INFO: [USF-XSim-61] Executing 'SIMULATE' step in 'C:/Users/antho/Documents/Programmes/S4APP2/new/pb_logique_seq/pb_logique_seq.sim/sim_1/behav/xsim'
INFO: [USF-XSim-98] *** Running xsim
   with args "simul_module_sig_tb_behav -key {Behavioral:sim_1:Functional:simul_module_sig_tb} -tclbatch {simul_module_sig_tb.tcl} -protoinst "protoinst_files/design_1.protoinst" -log {simulate.log}"
INFO: [USF-XSim-8] Loading simulator feature
Vivado Simulator 2020.2
INFO: [Wavedata 42-565] Reading protoinst file protoinst_files/design_1.protoinst
Time resolution is 1 ps
source simul_module_sig_tb.tcl
# set curr_wave [current_wave_config]
# if { [string length $curr_wave] == 0 } {
#   if { [llength [get_objects]] > 0} {
#     add_wave /
#     set_property needs_save false [current_wave_config]
#   } else {
#      send_msg_id Add_Wave-1 WARNING "No top level signals found. Simulator will start without a wave window. If you want to open a wave window go to 'File->New Waveform Configuration' or type 'create_wave_config' in the TCL console."
#   }
# }
WARNING: Simulation object /simul_module_sig_tb/leftInputFile was not traceable in the design for the following reason:
Vivado Simulator does not yet support tracing of VHDL variables.
WARNING: Simulation object /simul_module_sig_tb/rightInputFile was not traceable in the design for the following reason:
Vivado Simulator does not yet support tracing of VHDL variables.
WARNING: Simulation object /simul_module_sig_tb/fstatusLeft was not traceable in the design for the following reason:
Vivado Simulator does not yet support tracing of VHDL variables.
WARNING: Simulation object /simul_module_sig_tb/fstatusRight was not traceable in the design for the following reason:
Vivado Simulator does not yet support tracing of VHDL variables.
# run 1000ns
INFO: [USF-XSim-96] XSim completed. Design snapshot 'simul_module_sig_tb_behav' loaded.
INFO: [USF-XSim-97] XSim simulation ran for 1000ns
launch_simulation: Time (s): cpu = 00:00:11 ; elapsed = 00:00:25 . Memory (MB): peak = 1279.352 ; gain = 25.820
report_drivers {/simul_module_sig_tb/UUT_decodeur/MEF_decodeur_i2s/o_cpt_bit_reset}
Drivers for /simul_module_sig_tb/UUT_decodeur/MEF_decodeur_i2s/o_cpt_bit_reset
WARNING: [#UNDEF] WARNING: [#UNDEF]   U : Net /simul_module_sig_tb/UUT_decodeur/MEF_decodeur_i2s/o_cpt_bit_reset
     : Driver /simul_module_sig_tb/UUT_decodeur/MEF_decodeur_i2s/U0/line__114 at C:/Users/antho/Documents/Programmes/S4APP2/new/pb_logique_seq/pb_logique_seq.srcs/sources_1/imports/new/mef_decod_i2s_v1b.vhd:114
     : Driver /simul_module_sig_tb/UUT_decodeur/MEF_decodeur_i2s/U0/line__70 at C:/Users/antho/Documents/Programmes/S4APP2/new/pb_logique_seq/pb_logique_seq.srcs/sources_1/imports/new/mef_decod_i2s_v1b.vhd:70
add_force {/simul_module_sig_tb/UUT_decodeur/MEF_decodeur_i2s/o_cpt_bit_reset} -radix bin {1 0ns}
run 10 ms
run 10 ms
run all
run: Time (s): cpu = 00:00:54 ; elapsed = 00:00:31 . Memory (MB): peak = 1329.496 ; gain = 2.969
relaunch_sim
Command: launch_simulation -simset sim_1 -mode behavioral
INFO: [Vivado 12-5682] Launching behavioral simulation in 'C:/Users/antho/Documents/Programmes/S4APP2/new/pb_logique_seq/pb_logique_seq.sim/sim_1/behav/xsim'
INFO: [Vivado 12-4795] Using compiled simulation libraries for IPs
INFO: [SIM-utils-51] Simulation object is 'sim_1'
INFO: [USF-XSim-7] Finding pre-compiled libraries...
INFO: [USF-XSim-11] File 'C:/Xilinx/Vivado/2020.2/data/xsim/xsim.ini' copied to run dir:'C:/Users/antho/Documents/Programmes/S4APP2/new/pb_logique_seq/pb_logique_seq.sim/sim_1/behav/xsim'
INFO: [SIM-utils-54] Inspecting design source files for 'simul_module_sig_tb' in fileset 'sim_1'...
INFO: [USF-XSim-97] Finding global include files...
INFO: [USF-XSim-98] Fetching design files from 'sim_1'...
INFO: [USF-XSim-2] XSim::Compile design
INFO: [USF-XSim-61] Executing 'COMPILE and ANALYZE' step in 'C:/Users/antho/Documents/Programmes/S4APP2/new/pb_logique_seq/pb_logique_seq.sim/sim_1/behav/xsim'
"xvlog --incr --relax -prj simul_module_sig_tb_vlog.prj"
"xvhdl --incr --relax -prj simul_module_sig_tb_vhdl.prj"
INFO: [VRFC 10-163] Analyzing VHDL file "C:/Users/antho/Documents/Programmes/S4APP2/new/pb_logique_seq/pb_logique_seq.srcs/sources_1/imports/new/mef_decod_i2s_v1b.vhd" into library xil_defaultlib
INFO: [VRFC 10-3107] analyzing entity 'mef_decod_i2s_v1b'
INFO: [USF-XSim-69] 'compile' step finished in '4' seconds
Command: launch_simulation -simset sim_1 -mode behavioral
INFO: [Vivado 12-5682] Launching behavioral simulation in 'C:/Users/antho/Documents/Programmes/S4APP2/new/pb_logique_seq/pb_logique_seq.sim/sim_1/behav/xsim'
INFO: [Vivado 12-4795] Using compiled simulation libraries for IPs
INFO: [USF-XSim-3] XSim::Elaborate design
INFO: [USF-XSim-61] Executing 'ELABORATE' step in 'C:/Users/antho/Documents/Programmes/S4APP2/new/pb_logique_seq/pb_logique_seq.sim/sim_1/behav/xsim'
"xelab -wto ae302d5aa3284400815652c101d33dae --incr --debug typical --relax --mt 2 -L xil_defaultlib -L util_vector_logic_v2_0_1 -L xlconcat_v2_1_4 -L xlconstant_v1_1_7 -L xlslice_v1_0_2 -L unisims_ver -L unimacro_ver -L secureip -L xpm --snapshot simul_module_sig_tb_behav xil_defaultlib.simul_module_sig_tb xil_defaultlib.glbl -log elaborate.log"
Vivado Simulator 2020.2
Copyright 1986-1999, 2001-2020 Xilinx, Inc. All Rights Reserved.
Running: C:/Xilinx/Vivado/2020.2/bin/unwrapped/win64.o/xelab.exe -wto ae302d5aa3284400815652c101d33dae --incr --debug typical --relax --mt 2 -L xil_defaultlib -L util_vector_logic_v2_0_1 -L xlconcat_v2_1_4 -L xlconstant_v1_1_7 -L xlslice_v1_0_2 -L unisims_ver -L unimacro_ver -L secureip -L xpm --snapshot simul_module_sig_tb_behav xil_defaultlib.simul_module_sig_tb xil_defaultlib.glbl -log elaborate.log 
Using 2 slave threads.
Starting static elaboration
Pass Through NonSizing Optimizer
WARNING: [VRFC 10-8437] comparison between unequal length arrays always returns FALSE, left argument length 4 is different from right argument length 2 for 'std_logic_vector_93' array [C:/Users/antho/Documents/Programmes/S4APP2/new/pb_logique_seq/pb_logique_seq.srcs/sources_1/imports/new/module_commande.vhd:61]
WARNING: [VRFC 10-8437] comparison between unequal length arrays always returns FALSE, left argument length 4 is different from right argument length 2 for 'std_logic_vector_93' array [C:/Users/antho/Documents/Programmes/S4APP2/new/pb_logique_seq/pb_logique_seq.srcs/sources_1/imports/new/module_commande.vhd:63]
WARNING: [VRFC 10-8437] comparison between unequal length arrays always returns FALSE, left argument length 4 is different from right argument length 2 for 'std_logic_vector_93' array [C:/Users/antho/Documents/Programmes/S4APP2/new/pb_logique_seq/pb_logique_seq.srcs/sources_1/imports/new/module_commande.vhd:65]
WARNING: [VRFC 10-8437] comparison between unequal length arrays always returns FALSE, left argument length 4 is different from right argument length 2 for 'std_logic_vector_93' array [C:/Users/antho/Documents/Programmes/S4APP2/new/pb_logique_seq/pb_logique_seq.srcs/sources_1/imports/new/module_commande.vhd:67]
WARNING: [VRFC 10-8437] comparison between unequal length arrays always returns FALSE, left argument length 4 is different from right argument length 2 for 'std_logic_vector_93' array [C:/Users/antho/Documents/Programmes/S4APP2/new/pb_logique_seq/pb_logique_seq.srcs/sources_1/imports/new/module_commande.vhd:73]
WARNING: [VRFC 10-8437] comparison between unequal length arrays always returns FALSE, left argument length 4 is different from right argument length 2 for 'std_logic_vector_93' array [C:/Users/antho/Documents/Programmes/S4APP2/new/pb_logique_seq/pb_logique_seq.srcs/sources_1/imports/new/module_commande.vhd:75]
WARNING: [VRFC 10-8437] comparison between unequal length arrays always returns FALSE, left argument length 4 is different from right argument length 2 for 'std_logic_vector_93' array [C:/Users/antho/Documents/Programmes/S4APP2/new/pb_logique_seq/pb_logique_seq.srcs/sources_1/imports/new/module_commande.vhd:77]
WARNING: [VRFC 10-8437] comparison between unequal length arrays always returns FALSE, left argument length 4 is different from right argument length 2 for 'std_logic_vector_93' array [C:/Users/antho/Documents/Programmes/S4APP2/new/pb_logique_seq/pb_logique_seq.srcs/sources_1/imports/new/module_commande.vhd:79]
WARNING: [VRFC 10-8437] comparison between unequal length arrays always returns FALSE, left argument length 4 is different from right argument length 2 for 'std_logic_vector_93' array [C:/Users/antho/Documents/Programmes/S4APP2/new/pb_logique_seq/pb_logique_seq.srcs/sources_1/imports/new/module_commande.vhd:85]
WARNING: [VRFC 10-8437] comparison between unequal length arrays always returns FALSE, left argument length 4 is different from right argument length 2 for 'std_logic_vector_93' array [C:/Users/antho/Documents/Programmes/S4APP2/new/pb_logique_seq/pb_logique_seq.srcs/sources_1/imports/new/module_commande.vhd:87]
WARNING: [VRFC 10-8437] comparison between unequal length arrays always returns FALSE, left argument length 4 is different from right argument length 2 for 'std_logic_vector_93' array [C:/Users/antho/Documents/Programmes/S4APP2/new/pb_logique_seq/pb_logique_seq.srcs/sources_1/imports/new/module_commande.vhd:89]
WARNING: [VRFC 10-8437] comparison between unequal length arrays always returns FALSE, left argument length 4 is different from right argument length 2 for 'std_logic_vector_93' array [C:/Users/antho/Documents/Programmes/S4APP2/new/pb_logique_seq/pb_logique_seq.srcs/sources_1/imports/new/module_commande.vhd:91]
WARNING: [VRFC 10-8437] comparison between unequal length arrays always returns FALSE, left argument length 4 is different from right argument length 2 for 'std_logic_vector_93' array [C:/Users/antho/Documents/Programmes/S4APP2/new/pb_logique_seq/pb_logique_seq.srcs/sources_1/imports/new/module_commande.vhd:97]
WARNING: [VRFC 10-8437] comparison between unequal length arrays always returns FALSE, left argument length 4 is different from right argument length 2 for 'std_logic_vector_93' array [C:/Users/antho/Documents/Programmes/S4APP2/new/pb_logique_seq/pb_logique_seq.srcs/sources_1/imports/new/module_commande.vhd:99]
WARNING: [VRFC 10-8437] comparison between unequal length arrays always returns FALSE, left argument length 4 is different from right argument length 2 for 'std_logic_vector_93' array [C:/Users/antho/Documents/Programmes/S4APP2/new/pb_logique_seq/pb_logique_seq.srcs/sources_1/imports/new/module_commande.vhd:101]
WARNING: [VRFC 10-8437] comparison between unequal length arrays always returns FALSE, left argument length 4 is different from right argument length 2 for 'std_logic_vector_93' array [C:/Users/antho/Documents/Programmes/S4APP2/new/pb_logique_seq/pb_logique_seq.srcs/sources_1/imports/new/module_commande.vhd:103]
Completed static elaboration
INFO: [XSIM 43-4323] No Change in HDL. Linking previously generated obj files to create kernel
INFO: [USF-XSim-69] 'elaborate' step finished in '4' seconds
Vivado Simulator 2020.2
INFO: [Wavedata 42-565] Reading protoinst file protoinst_files/design_1.protoinst
Time resolution is 1 ps
relaunch_sim: Time (s): cpu = 00:00:04 ; elapsed = 00:00:13 . Memory (MB): peak = 1388.828 ; gain = 0.289
run 10 ms
relaunch_sim
Command: launch_simulation -simset sim_1 -mode behavioral
INFO: [Vivado 12-5682] Launching behavioral simulation in 'C:/Users/antho/Documents/Programmes/S4APP2/new/pb_logique_seq/pb_logique_seq.sim/sim_1/behav/xsim'
INFO: [Vivado 12-4795] Using compiled simulation libraries for IPs
INFO: [SIM-utils-51] Simulation object is 'sim_1'
INFO: [USF-XSim-7] Finding pre-compiled libraries...
INFO: [USF-XSim-11] File 'C:/Xilinx/Vivado/2020.2/data/xsim/xsim.ini' copied to run dir:'C:/Users/antho/Documents/Programmes/S4APP2/new/pb_logique_seq/pb_logique_seq.sim/sim_1/behav/xsim'
INFO: [SIM-utils-54] Inspecting design source files for 'simul_module_sig_tb' in fileset 'sim_1'...
INFO: [USF-XSim-97] Finding global include files...
INFO: [USF-XSim-98] Fetching design files from 'sim_1'...
INFO: [USF-XSim-2] XSim::Compile design
INFO: [USF-XSim-61] Executing 'COMPILE and ANALYZE' step in 'C:/Users/antho/Documents/Programmes/S4APP2/new/pb_logique_seq/pb_logique_seq.sim/sim_1/behav/xsim'
"xvlog --incr --relax -prj simul_module_sig_tb_vlog.prj"
"xvhdl --incr --relax -prj simul_module_sig_tb_vhdl.prj"
INFO: [VRFC 10-163] Analyzing VHDL file "C:/Users/antho/Documents/Programmes/S4APP2/new/pb_logique_seq/pb_logique_seq.srcs/sources_1/imports/new/mef_decod_i2s_v1b.vhd" into library xil_defaultlib
INFO: [VRFC 10-3107] analyzing entity 'mef_decod_i2s_v1b'
INFO: [USF-XSim-69] 'compile' step finished in '4' seconds
launch_simulation: Time (s): cpu = 00:00:01 ; elapsed = 00:00:27 . Memory (MB): peak = 1407.082 ; gain = 0.000
Command: launch_simulation -simset sim_1 -mode behavioral
INFO: [Vivado 12-5682] Launching behavioral simulation in 'C:/Users/antho/Documents/Programmes/S4APP2/new/pb_logique_seq/pb_logique_seq.sim/sim_1/behav/xsim'
INFO: [Vivado 12-4795] Using compiled simulation libraries for IPs
INFO: [USF-XSim-3] XSim::Elaborate design
INFO: [USF-XSim-61] Executing 'ELABORATE' step in 'C:/Users/antho/Documents/Programmes/S4APP2/new/pb_logique_seq/pb_logique_seq.sim/sim_1/behav/xsim'
"xelab -wto ae302d5aa3284400815652c101d33dae --incr --debug typical --relax --mt 2 -L xil_defaultlib -L util_vector_logic_v2_0_1 -L xlconcat_v2_1_4 -L xlconstant_v1_1_7 -L xlslice_v1_0_2 -L unisims_ver -L unimacro_ver -L secureip -L xpm --snapshot simul_module_sig_tb_behav xil_defaultlib.simul_module_sig_tb xil_defaultlib.glbl -log elaborate.log"
Vivado Simulator 2020.2
Copyright 1986-1999, 2001-2020 Xilinx, Inc. All Rights Reserved.
Running: C:/Xilinx/Vivado/2020.2/bin/unwrapped/win64.o/xelab.exe -wto ae302d5aa3284400815652c101d33dae --incr --debug typical --relax --mt 2 -L xil_defaultlib -L util_vector_logic_v2_0_1 -L xlconcat_v2_1_4 -L xlconstant_v1_1_7 -L xlslice_v1_0_2 -L unisims_ver -L unimacro_ver -L secureip -L xpm --snapshot simul_module_sig_tb_behav xil_defaultlib.simul_module_sig_tb xil_defaultlib.glbl -log elaborate.log 
Using 2 slave threads.
Starting static elaboration
Pass Through NonSizing Optimizer
WARNING: [VRFC 10-8437] comparison between unequal length arrays always returns FALSE, left argument length 4 is different from right argument length 2 for 'std_logic_vector_93' array [C:/Users/antho/Documents/Programmes/S4APP2/new/pb_logique_seq/pb_logique_seq.srcs/sources_1/imports/new/module_commande.vhd:61]
WARNING: [VRFC 10-8437] comparison between unequal length arrays always returns FALSE, left argument length 4 is different from right argument length 2 for 'std_logic_vector_93' array [C:/Users/antho/Documents/Programmes/S4APP2/new/pb_logique_seq/pb_logique_seq.srcs/sources_1/imports/new/module_commande.vhd:63]
WARNING: [VRFC 10-8437] comparison between unequal length arrays always returns FALSE, left argument length 4 is different from right argument length 2 for 'std_logic_vector_93' array [C:/Users/antho/Documents/Programmes/S4APP2/new/pb_logique_seq/pb_logique_seq.srcs/sources_1/imports/new/module_commande.vhd:65]
WARNING: [VRFC 10-8437] comparison between unequal length arrays always returns FALSE, left argument length 4 is different from right argument length 2 for 'std_logic_vector_93' array [C:/Users/antho/Documents/Programmes/S4APP2/new/pb_logique_seq/pb_logique_seq.srcs/sources_1/imports/new/module_commande.vhd:67]
WARNING: [VRFC 10-8437] comparison between unequal length arrays always returns FALSE, left argument length 4 is different from right argument length 2 for 'std_logic_vector_93' array [C:/Users/antho/Documents/Programmes/S4APP2/new/pb_logique_seq/pb_logique_seq.srcs/sources_1/imports/new/module_commande.vhd:73]
WARNING: [VRFC 10-8437] comparison between unequal length arrays always returns FALSE, left argument length 4 is different from right argument length 2 for 'std_logic_vector_93' array [C:/Users/antho/Documents/Programmes/S4APP2/new/pb_logique_seq/pb_logique_seq.srcs/sources_1/imports/new/module_commande.vhd:75]
WARNING: [VRFC 10-8437] comparison between unequal length arrays always returns FALSE, left argument length 4 is different from right argument length 2 for 'std_logic_vector_93' array [C:/Users/antho/Documents/Programmes/S4APP2/new/pb_logique_seq/pb_logique_seq.srcs/sources_1/imports/new/module_commande.vhd:77]
WARNING: [VRFC 10-8437] comparison between unequal length arrays always returns FALSE, left argument length 4 is different from right argument length 2 for 'std_logic_vector_93' array [C:/Users/antho/Documents/Programmes/S4APP2/new/pb_logique_seq/pb_logique_seq.srcs/sources_1/imports/new/module_commande.vhd:79]
WARNING: [VRFC 10-8437] comparison between unequal length arrays always returns FALSE, left argument length 4 is different from right argument length 2 for 'std_logic_vector_93' array [C:/Users/antho/Documents/Programmes/S4APP2/new/pb_logique_seq/pb_logique_seq.srcs/sources_1/imports/new/module_commande.vhd:85]
WARNING: [VRFC 10-8437] comparison between unequal length arrays always returns FALSE, left argument length 4 is different from right argument length 2 for 'std_logic_vector_93' array [C:/Users/antho/Documents/Programmes/S4APP2/new/pb_logique_seq/pb_logique_seq.srcs/sources_1/imports/new/module_commande.vhd:87]
WARNING: [VRFC 10-8437] comparison between unequal length arrays always returns FALSE, left argument length 4 is different from right argument length 2 for 'std_logic_vector_93' array [C:/Users/antho/Documents/Programmes/S4APP2/new/pb_logique_seq/pb_logique_seq.srcs/sources_1/imports/new/module_commande.vhd:89]
WARNING: [VRFC 10-8437] comparison between unequal length arrays always returns FALSE, left argument length 4 is different from right argument length 2 for 'std_logic_vector_93' array [C:/Users/antho/Documents/Programmes/S4APP2/new/pb_logique_seq/pb_logique_seq.srcs/sources_1/imports/new/module_commande.vhd:91]
WARNING: [VRFC 10-8437] comparison between unequal length arrays always returns FALSE, left argument length 4 is different from right argument length 2 for 'std_logic_vector_93' array [C:/Users/antho/Documents/Programmes/S4APP2/new/pb_logique_seq/pb_logique_seq.srcs/sources_1/imports/new/module_commande.vhd:97]
WARNING: [VRFC 10-8437] comparison between unequal length arrays always returns FALSE, left argument length 4 is different from right argument length 2 for 'std_logic_vector_93' array [C:/Users/antho/Documents/Programmes/S4APP2/new/pb_logique_seq/pb_logique_seq.srcs/sources_1/imports/new/module_commande.vhd:99]
WARNING: [VRFC 10-8437] comparison between unequal length arrays always returns FALSE, left argument length 4 is different from right argument length 2 for 'std_logic_vector_93' array [C:/Users/antho/Documents/Programmes/S4APP2/new/pb_logique_seq/pb_logique_seq.srcs/sources_1/imports/new/module_commande.vhd:101]
WARNING: [VRFC 10-8437] comparison between unequal length arrays always returns FALSE, left argument length 4 is different from right argument length 2 for 'std_logic_vector_93' array [C:/Users/antho/Documents/Programmes/S4APP2/new/pb_logique_seq/pb_logique_seq.srcs/sources_1/imports/new/module_commande.vhd:103]
Completed static elaboration
INFO: [XSIM 43-4323] No Change in HDL. Linking previously generated obj files to create kernel
INFO: [USF-XSim-69] 'elaborate' step finished in '4' seconds
Vivado Simulator 2020.2
INFO: [Wavedata 42-565] Reading protoinst file protoinst_files/design_1.protoinst
Time resolution is 1 ps
relaunch_sim: Time (s): cpu = 00:00:03 ; elapsed = 00:00:36 . Memory (MB): peak = 1407.082 ; gain = 0.000
run 10 ms
relaunch_sim
Command: launch_simulation -simset sim_1 -mode behavioral
INFO: [Vivado 12-5682] Launching behavioral simulation in 'C:/Users/antho/Documents/Programmes/S4APP2/new/pb_logique_seq/pb_logique_seq.sim/sim_1/behav/xsim'
INFO: [Vivado 12-4795] Using compiled simulation libraries for IPs
INFO: [SIM-utils-51] Simulation object is 'sim_1'
INFO: [USF-XSim-7] Finding pre-compiled libraries...
INFO: [USF-XSim-11] File 'C:/Xilinx/Vivado/2020.2/data/xsim/xsim.ini' copied to run dir:'C:/Users/antho/Documents/Programmes/S4APP2/new/pb_logique_seq/pb_logique_seq.sim/sim_1/behav/xsim'
INFO: [SIM-utils-54] Inspecting design source files for 'simul_module_sig_tb' in fileset 'sim_1'...
INFO: [USF-XSim-97] Finding global include files...
INFO: [USF-XSim-98] Fetching design files from 'sim_1'...
INFO: [USF-XSim-2] XSim::Compile design
INFO: [USF-XSim-61] Executing 'COMPILE and ANALYZE' step in 'C:/Users/antho/Documents/Programmes/S4APP2/new/pb_logique_seq/pb_logique_seq.sim/sim_1/behav/xsim'
"xvlog --incr --relax -prj simul_module_sig_tb_vlog.prj"
"xvhdl --incr --relax -prj simul_module_sig_tb_vhdl.prj"
INFO: [VRFC 10-163] Analyzing VHDL file "C:/Users/antho/Documents/Programmes/S4APP2/new/pb_logique_seq/pb_logique_seq.srcs/sources_1/imports/new/mef_decod_i2s_v1b.vhd" into library xil_defaultlib
INFO: [VRFC 10-3107] analyzing entity 'mef_decod_i2s_v1b'
INFO: [USF-XSim-69] 'compile' step finished in '4' seconds
launch_simulation: Time (s): cpu = 00:00:01 ; elapsed = 00:00:30 . Memory (MB): peak = 1407.082 ; gain = 0.000
Command: launch_simulation -simset sim_1 -mode behavioral
INFO: [Vivado 12-5682] Launching behavioral simulation in 'C:/Users/antho/Documents/Programmes/S4APP2/new/pb_logique_seq/pb_logique_seq.sim/sim_1/behav/xsim'
INFO: [Vivado 12-4795] Using compiled simulation libraries for IPs
INFO: [USF-XSim-3] XSim::Elaborate design
INFO: [USF-XSim-61] Executing 'ELABORATE' step in 'C:/Users/antho/Documents/Programmes/S4APP2/new/pb_logique_seq/pb_logique_seq.sim/sim_1/behav/xsim'
"xelab -wto ae302d5aa3284400815652c101d33dae --incr --debug typical --relax --mt 2 -L xil_defaultlib -L util_vector_logic_v2_0_1 -L xlconcat_v2_1_4 -L xlconstant_v1_1_7 -L xlslice_v1_0_2 -L unisims_ver -L unimacro_ver -L secureip -L xpm --snapshot simul_module_sig_tb_behav xil_defaultlib.simul_module_sig_tb xil_defaultlib.glbl -log elaborate.log"
Vivado Simulator 2020.2
Copyright 1986-1999, 2001-2020 Xilinx, Inc. All Rights Reserved.
Running: C:/Xilinx/Vivado/2020.2/bin/unwrapped/win64.o/xelab.exe -wto ae302d5aa3284400815652c101d33dae --incr --debug typical --relax --mt 2 -L xil_defaultlib -L util_vector_logic_v2_0_1 -L xlconcat_v2_1_4 -L xlconstant_v1_1_7 -L xlslice_v1_0_2 -L unisims_ver -L unimacro_ver -L secureip -L xpm --snapshot simul_module_sig_tb_behav xil_defaultlib.simul_module_sig_tb xil_defaultlib.glbl -log elaborate.log 
Using 2 slave threads.
Starting static elaboration
Pass Through NonSizing Optimizer
WARNING: [VRFC 10-8437] comparison between unequal length arrays always returns FALSE, left argument length 4 is different from right argument length 2 for 'std_logic_vector_93' array [C:/Users/antho/Documents/Programmes/S4APP2/new/pb_logique_seq/pb_logique_seq.srcs/sources_1/imports/new/module_commande.vhd:61]
WARNING: [VRFC 10-8437] comparison between unequal length arrays always returns FALSE, left argument length 4 is different from right argument length 2 for 'std_logic_vector_93' array [C:/Users/antho/Documents/Programmes/S4APP2/new/pb_logique_seq/pb_logique_seq.srcs/sources_1/imports/new/module_commande.vhd:63]
WARNING: [VRFC 10-8437] comparison between unequal length arrays always returns FALSE, left argument length 4 is different from right argument length 2 for 'std_logic_vector_93' array [C:/Users/antho/Documents/Programmes/S4APP2/new/pb_logique_seq/pb_logique_seq.srcs/sources_1/imports/new/module_commande.vhd:65]
WARNING: [VRFC 10-8437] comparison between unequal length arrays always returns FALSE, left argument length 4 is different from right argument length 2 for 'std_logic_vector_93' array [C:/Users/antho/Documents/Programmes/S4APP2/new/pb_logique_seq/pb_logique_seq.srcs/sources_1/imports/new/module_commande.vhd:67]
WARNING: [VRFC 10-8437] comparison between unequal length arrays always returns FALSE, left argument length 4 is different from right argument length 2 for 'std_logic_vector_93' array [C:/Users/antho/Documents/Programmes/S4APP2/new/pb_logique_seq/pb_logique_seq.srcs/sources_1/imports/new/module_commande.vhd:73]
WARNING: [VRFC 10-8437] comparison between unequal length arrays always returns FALSE, left argument length 4 is different from right argument length 2 for 'std_logic_vector_93' array [C:/Users/antho/Documents/Programmes/S4APP2/new/pb_logique_seq/pb_logique_seq.srcs/sources_1/imports/new/module_commande.vhd:75]
WARNING: [VRFC 10-8437] comparison between unequal length arrays always returns FALSE, left argument length 4 is different from right argument length 2 for 'std_logic_vector_93' array [C:/Users/antho/Documents/Programmes/S4APP2/new/pb_logique_seq/pb_logique_seq.srcs/sources_1/imports/new/module_commande.vhd:77]
WARNING: [VRFC 10-8437] comparison between unequal length arrays always returns FALSE, left argument length 4 is different from right argument length 2 for 'std_logic_vector_93' array [C:/Users/antho/Documents/Programmes/S4APP2/new/pb_logique_seq/pb_logique_seq.srcs/sources_1/imports/new/module_commande.vhd:79]
WARNING: [VRFC 10-8437] comparison between unequal length arrays always returns FALSE, left argument length 4 is different from right argument length 2 for 'std_logic_vector_93' array [C:/Users/antho/Documents/Programmes/S4APP2/new/pb_logique_seq/pb_logique_seq.srcs/sources_1/imports/new/module_commande.vhd:85]
WARNING: [VRFC 10-8437] comparison between unequal length arrays always returns FALSE, left argument length 4 is different from right argument length 2 for 'std_logic_vector_93' array [C:/Users/antho/Documents/Programmes/S4APP2/new/pb_logique_seq/pb_logique_seq.srcs/sources_1/imports/new/module_commande.vhd:87]
WARNING: [VRFC 10-8437] comparison between unequal length arrays always returns FALSE, left argument length 4 is different from right argument length 2 for 'std_logic_vector_93' array [C:/Users/antho/Documents/Programmes/S4APP2/new/pb_logique_seq/pb_logique_seq.srcs/sources_1/imports/new/module_commande.vhd:89]
WARNING: [VRFC 10-8437] comparison between unequal length arrays always returns FALSE, left argument length 4 is different from right argument length 2 for 'std_logic_vector_93' array [C:/Users/antho/Documents/Programmes/S4APP2/new/pb_logique_seq/pb_logique_seq.srcs/sources_1/imports/new/module_commande.vhd:91]
WARNING: [VRFC 10-8437] comparison between unequal length arrays always returns FALSE, left argument length 4 is different from right argument length 2 for 'std_logic_vector_93' array [C:/Users/antho/Documents/Programmes/S4APP2/new/pb_logique_seq/pb_logique_seq.srcs/sources_1/imports/new/module_commande.vhd:97]
WARNING: [VRFC 10-8437] comparison between unequal length arrays always returns FALSE, left argument length 4 is different from right argument length 2 for 'std_logic_vector_93' array [C:/Users/antho/Documents/Programmes/S4APP2/new/pb_logique_seq/pb_logique_seq.srcs/sources_1/imports/new/module_commande.vhd:99]
WARNING: [VRFC 10-8437] comparison between unequal length arrays always returns FALSE, left argument length 4 is different from right argument length 2 for 'std_logic_vector_93' array [C:/Users/antho/Documents/Programmes/S4APP2/new/pb_logique_seq/pb_logique_seq.srcs/sources_1/imports/new/module_commande.vhd:101]
WARNING: [VRFC 10-8437] comparison between unequal length arrays always returns FALSE, left argument length 4 is different from right argument length 2 for 'std_logic_vector_93' array [C:/Users/antho/Documents/Programmes/S4APP2/new/pb_logique_seq/pb_logique_seq.srcs/sources_1/imports/new/module_commande.vhd:103]
Completed static elaboration
INFO: [XSIM 43-4323] No Change in HDL. Linking previously generated obj files to create kernel
INFO: [USF-XSim-69] 'elaborate' step finished in '4' seconds
Vivado Simulator 2020.2
INFO: [Wavedata 42-565] Reading protoinst file protoinst_files/design_1.protoinst
Time resolution is 1 ps
relaunch_sim: Time (s): cpu = 00:00:04 ; elapsed = 00:00:38 . Memory (MB): peak = 1407.082 ; gain = 0.000
open_bd_design {C:/Users/antho/Documents/Programmes/S4APP2/new/pb_logique_seq/pb_logique_seq.srcs/sources_1/bd/design_1/design_1.bd}
update_module_reference design_1_mef_decod_i2s_v1b_0_0
INFO: [IP_Flow 19-5107] Inferred bus interface 'i_reset' of definition 'xilinx.com:signal:reset:1.0' (from Xilinx Repository).
INFO: [IP_Flow 19-5107] Inferred bus interface 'o_cpt_bit_reset' of definition 'xilinx.com:signal:reset:1.0' (from Xilinx Repository).
INFO: [IP_Flow 19-234] Refreshing IP repositories
INFO: [IP_Flow 19-1704] No user IP repositories specified
Upgrading 'C:/Users/antho/Documents/Programmes/S4APP2/new/pb_logique_seq/pb_logique_seq.srcs/sources_1/bd/design_1/design_1.bd'
INFO: [IP_Flow 19-1972] Upgraded design_1_mef_decod_i2s_v1b_0_0 from mef_decod_i2s_v1b_v1_0 1.0 to mef_decod_i2s_v1b_v1_0 1.0
Wrote  : <C:\Users\antho\Documents\Programmes\S4APP2\new\pb_logique_seq\pb_logique_seq.srcs\sources_1\bd\design_1\design_1.bd> 
Wrote  : <C:/Users/antho/Documents/Programmes/S4APP2/new/pb_logique_seq/pb_logique_seq.srcs/sources_1/bd/design_1/ui/bd_1f5defd0.ui> 
Wrote  : <C:/Users/antho/Documents/Programmes/S4APP2/new/pb_logique_seq/pb_logique_seq.srcs/sources_1/bd/design_1/ui/bd_a93fd001.ui> 
delete_bd_objs [get_bd_nets M1_decodeur_i2s/mef_decod_i2s_v1b_0_o_cpt_bit_reset]
connect_bd_net [get_bd_pins M1_decodeur_i2s/MEF_decodeur_i2s/o_cpt_bit_reset] [get_bd_pins M1_decodeur_i2s/compteur_7bits/reset]
save_bd_design
Wrote  : <C:\Users\antho\Documents\Programmes\S4APP2\new\pb_logique_seq\pb_logique_seq.srcs\sources_1\bd\design_1\design_1.bd> 
Wrote  : <C:/Users/antho/Documents/Programmes/S4APP2/new/pb_logique_seq/pb_logique_seq.srcs/sources_1/bd/design_1/ui/bd_1f5defd0.ui> 
Wrote  : <C:/Users/antho/Documents/Programmes/S4APP2/new/pb_logique_seq/pb_logique_seq.srcs/sources_1/bd/design_1/ui/bd_a93fd001.ui> 
relaunch_sim
Command: launch_simulation -simset sim_1 -mode behavioral
CRITICAL WARNING: [BD 41-1348] Reset pin /M1_decodeur_i2s/registre_24bits_droite/i_reset (associated clock /M1_decodeur_i2s/registre_24bits_droite/i_clk) is connected to asynchronous reset source /M8_commande/o_reset.
This may prevent design from meeting timing. Please add Processor System Reset module to create a reset that is synchronous to the associated clock source /clk_100MHz.
CRITICAL WARNING: [BD 41-1348] Reset pin /M1_decodeur_i2s/registre_24bits_gauche/i_reset (associated clock /M1_decodeur_i2s/registre_24bits_gauche/i_clk) is connected to asynchronous reset source /M8_commande/o_reset.
This may prevent design from meeting timing. Please add Processor System Reset module to create a reset that is synchronous to the associated clock source /clk_100MHz.
CRITICAL WARNING: [BD 41-1348] Reset pin /M1_decodeur_i2s/registre_decalage_24bits/i_reset (associated clock /M1_decodeur_i2s/registre_decalage_24bits/i_clk) is connected to asynchronous reset source /M8_commande/o_reset.
This may prevent design from meeting timing. Please add Processor System Reset module to create a reset that is synchronous to the associated clock source /clk_100MHz.
CRITICAL WARNING: [BD 41-1348] Reset pin /M9_codeur_i2s/reg_dec_24b_fd_0/i_reset (associated clock /M9_codeur_i2s/reg_dec_24b_fd_0/i_clk) is connected to asynchronous reset source /M8_commande/o_reset.
This may prevent design from meeting timing. Please add Processor System Reset module to create a reset that is synchronous to the associated clock source /clk_100MHz.
CRITICAL WARNING: [BD 41-1348] Reset pin /M10_conversion_affichage/reset (associated clock /M10_conversion_affichage/clk) is connected to asynchronous reset source /M8_commande/o_reset.
This may prevent design from meeting timing. Please add Processor System Reset module to create a reset that is synchronous to the associated clock source /clk_100MHz.
CRITICAL WARNING: [BD 41-759] The input pins (listed below) are either not connected or do not have a source port, and they don't have a tie-off specified. These pins are tied-off to all 0's to avoid error in Implementation flow.
Please check your design and connect them as needed: 
/M1_decodeur_i2s/registre_decalage_24bits/i_load
/M1_decodeur_i2s/registre_decalage_24bits/i_dat_load

Wrote  : <C:\Users\antho\Documents\Programmes\S4APP2\new\pb_logique_seq\pb_logique_seq.srcs\sources_1\bd\design_1\design_1.bd> 
Wrote  : <C:/Users/antho/Documents/Programmes/S4APP2/new/pb_logique_seq/pb_logique_seq.srcs/sources_1/bd/design_1/ui/bd_1f5defd0.ui> 
Wrote  : <C:/Users/antho/Documents/Programmes/S4APP2/new/pb_logique_seq/pb_logique_seq.srcs/sources_1/bd/design_1/ui/bd_a93fd001.ui> 
VHDL Output written to : c:/Users/antho/Documents/Programmes/S4APP2/new/pb_logique_seq/pb_logique_seq.gen/sources_1/bd/design_1/synth/design_1.vhd
VHDL Output written to : c:/Users/antho/Documents/Programmes/S4APP2/new/pb_logique_seq/pb_logique_seq.gen/sources_1/bd/design_1/sim/design_1.vhd
VHDL Output written to : c:/Users/antho/Documents/Programmes/S4APP2/new/pb_logique_seq/pb_logique_seq.gen/sources_1/bd/design_1/hdl/design_1_wrapper.vhd
Wrote  : <C:/Users/antho/Documents/Programmes/S4APP2/new/pb_logique_seq/pb_logique_seq.srcs/sources_1/bd/design_1/ui/bd_1f5defd0.ui> 
Wrote  : <C:/Users/antho/Documents/Programmes/S4APP2/new/pb_logique_seq/pb_logique_seq.srcs/sources_1/bd/design_1/ui/bd_a93fd001.ui> 
INFO: [BD 41-1029] Generation completed for the IP Integrator block M1_decodeur_i2s/MEF_decodeur_i2s .
Exporting to file c:/Users/antho/Documents/Programmes/S4APP2/new/pb_logique_seq/pb_logique_seq.gen/sources_1/bd/design_1/hw_handoff/design_1.hwh
Generated Block Design Tcl file c:/Users/antho/Documents/Programmes/S4APP2/new/pb_logique_seq/pb_logique_seq.gen/sources_1/bd/design_1/hw_handoff/design_1_bd.tcl
Generated Hardware Definition File c:/Users/antho/Documents/Programmes/S4APP2/new/pb_logique_seq/pb_logique_seq.gen/sources_1/bd/design_1/synth/design_1.hwdef
INFO: [Vivado 12-5682] Launching behavioral simulation in 'C:/Users/antho/Documents/Programmes/S4APP2/new/pb_logique_seq/pb_logique_seq.sim/sim_1/behav/xsim'
INFO: [Vivado 12-4795] Using compiled simulation libraries for IPs
INFO: [SIM-utils-51] Simulation object is 'sim_1'
INFO: [USF-XSim-7] Finding pre-compiled libraries...
INFO: [USF-XSim-11] File 'C:/Xilinx/Vivado/2020.2/data/xsim/xsim.ini' copied to run dir:'C:/Users/antho/Documents/Programmes/S4APP2/new/pb_logique_seq/pb_logique_seq.sim/sim_1/behav/xsim'
INFO: [SIM-utils-54] Inspecting design source files for 'simul_module_sig_tb' in fileset 'sim_1'...
INFO: [USF-XSim-97] Finding global include files...
INFO: [USF-XSim-98] Fetching design files from 'sim_1'...
INFO: [USF-XSim-2] XSim::Compile design
INFO: [USF-XSim-61] Executing 'COMPILE and ANALYZE' step in 'C:/Users/antho/Documents/Programmes/S4APP2/new/pb_logique_seq/pb_logique_seq.sim/sim_1/behav/xsim'
"xvlog --incr --relax -prj simul_module_sig_tb_vlog.prj"
"xvhdl --incr --relax -prj simul_module_sig_tb_vhdl.prj"
INFO: [VRFC 10-163] Analyzing VHDL file "C:/Users/antho/Documents/Programmes/S4APP2/new/pb_logique_seq/pb_logique_seq.srcs/sources_1/imports/new/mef_decod_i2s_v1b.vhd" into library xil_defaultlib
INFO: [VRFC 10-3107] analyzing entity 'mef_decod_i2s_v1b'
INFO: [USF-XSim-69] 'compile' step finished in '4' seconds
launch_simulation: Time (s): cpu = 00:00:03 ; elapsed = 00:00:45 . Memory (MB): peak = 1420.371 ; gain = 0.000
Command: launch_simulation -simset sim_1 -mode behavioral
INFO: [Vivado 12-5682] Launching behavioral simulation in 'C:/Users/antho/Documents/Programmes/S4APP2/new/pb_logique_seq/pb_logique_seq.sim/sim_1/behav/xsim'
INFO: [Vivado 12-4795] Using compiled simulation libraries for IPs
INFO: [USF-XSim-3] XSim::Elaborate design
INFO: [USF-XSim-61] Executing 'ELABORATE' step in 'C:/Users/antho/Documents/Programmes/S4APP2/new/pb_logique_seq/pb_logique_seq.sim/sim_1/behav/xsim'
"xelab -wto ae302d5aa3284400815652c101d33dae --incr --debug typical --relax --mt 2 -L xil_defaultlib -L util_vector_logic_v2_0_1 -L xlconcat_v2_1_4 -L xlconstant_v1_1_7 -L xlslice_v1_0_2 -L unisims_ver -L unimacro_ver -L secureip -L xpm --snapshot simul_module_sig_tb_behav xil_defaultlib.simul_module_sig_tb xil_defaultlib.glbl -log elaborate.log"
Vivado Simulator 2020.2
Copyright 1986-1999, 2001-2020 Xilinx, Inc. All Rights Reserved.
Running: C:/Xilinx/Vivado/2020.2/bin/unwrapped/win64.o/xelab.exe -wto ae302d5aa3284400815652c101d33dae --incr --debug typical --relax --mt 2 -L xil_defaultlib -L util_vector_logic_v2_0_1 -L xlconcat_v2_1_4 -L xlconstant_v1_1_7 -L xlslice_v1_0_2 -L unisims_ver -L unimacro_ver -L secureip -L xpm --snapshot simul_module_sig_tb_behav xil_defaultlib.simul_module_sig_tb xil_defaultlib.glbl -log elaborate.log 
Using 2 slave threads.
Starting static elaboration
Pass Through NonSizing Optimizer
WARNING: [VRFC 10-8437] comparison between unequal length arrays always returns FALSE, left argument length 4 is different from right argument length 2 for 'std_logic_vector_93' array [C:/Users/antho/Documents/Programmes/S4APP2/new/pb_logique_seq/pb_logique_seq.srcs/sources_1/imports/new/module_commande.vhd:61]
WARNING: [VRFC 10-8437] comparison between unequal length arrays always returns FALSE, left argument length 4 is different from right argument length 2 for 'std_logic_vector_93' array [C:/Users/antho/Documents/Programmes/S4APP2/new/pb_logique_seq/pb_logique_seq.srcs/sources_1/imports/new/module_commande.vhd:63]
WARNING: [VRFC 10-8437] comparison between unequal length arrays always returns FALSE, left argument length 4 is different from right argument length 2 for 'std_logic_vector_93' array [C:/Users/antho/Documents/Programmes/S4APP2/new/pb_logique_seq/pb_logique_seq.srcs/sources_1/imports/new/module_commande.vhd:65]
WARNING: [VRFC 10-8437] comparison between unequal length arrays always returns FALSE, left argument length 4 is different from right argument length 2 for 'std_logic_vector_93' array [C:/Users/antho/Documents/Programmes/S4APP2/new/pb_logique_seq/pb_logique_seq.srcs/sources_1/imports/new/module_commande.vhd:67]
WARNING: [VRFC 10-8437] comparison between unequal length arrays always returns FALSE, left argument length 4 is different from right argument length 2 for 'std_logic_vector_93' array [C:/Users/antho/Documents/Programmes/S4APP2/new/pb_logique_seq/pb_logique_seq.srcs/sources_1/imports/new/module_commande.vhd:73]
WARNING: [VRFC 10-8437] comparison between unequal length arrays always returns FALSE, left argument length 4 is different from right argument length 2 for 'std_logic_vector_93' array [C:/Users/antho/Documents/Programmes/S4APP2/new/pb_logique_seq/pb_logique_seq.srcs/sources_1/imports/new/module_commande.vhd:75]
WARNING: [VRFC 10-8437] comparison between unequal length arrays always returns FALSE, left argument length 4 is different from right argument length 2 for 'std_logic_vector_93' array [C:/Users/antho/Documents/Programmes/S4APP2/new/pb_logique_seq/pb_logique_seq.srcs/sources_1/imports/new/module_commande.vhd:77]
WARNING: [VRFC 10-8437] comparison between unequal length arrays always returns FALSE, left argument length 4 is different from right argument length 2 for 'std_logic_vector_93' array [C:/Users/antho/Documents/Programmes/S4APP2/new/pb_logique_seq/pb_logique_seq.srcs/sources_1/imports/new/module_commande.vhd:79]
WARNING: [VRFC 10-8437] comparison between unequal length arrays always returns FALSE, left argument length 4 is different from right argument length 2 for 'std_logic_vector_93' array [C:/Users/antho/Documents/Programmes/S4APP2/new/pb_logique_seq/pb_logique_seq.srcs/sources_1/imports/new/module_commande.vhd:85]
WARNING: [VRFC 10-8437] comparison between unequal length arrays always returns FALSE, left argument length 4 is different from right argument length 2 for 'std_logic_vector_93' array [C:/Users/antho/Documents/Programmes/S4APP2/new/pb_logique_seq/pb_logique_seq.srcs/sources_1/imports/new/module_commande.vhd:87]
WARNING: [VRFC 10-8437] comparison between unequal length arrays always returns FALSE, left argument length 4 is different from right argument length 2 for 'std_logic_vector_93' array [C:/Users/antho/Documents/Programmes/S4APP2/new/pb_logique_seq/pb_logique_seq.srcs/sources_1/imports/new/module_commande.vhd:89]
WARNING: [VRFC 10-8437] comparison between unequal length arrays always returns FALSE, left argument length 4 is different from right argument length 2 for 'std_logic_vector_93' array [C:/Users/antho/Documents/Programmes/S4APP2/new/pb_logique_seq/pb_logique_seq.srcs/sources_1/imports/new/module_commande.vhd:91]
WARNING: [VRFC 10-8437] comparison between unequal length arrays always returns FALSE, left argument length 4 is different from right argument length 2 for 'std_logic_vector_93' array [C:/Users/antho/Documents/Programmes/S4APP2/new/pb_logique_seq/pb_logique_seq.srcs/sources_1/imports/new/module_commande.vhd:97]
WARNING: [VRFC 10-8437] comparison between unequal length arrays always returns FALSE, left argument length 4 is different from right argument length 2 for 'std_logic_vector_93' array [C:/Users/antho/Documents/Programmes/S4APP2/new/pb_logique_seq/pb_logique_seq.srcs/sources_1/imports/new/module_commande.vhd:99]
WARNING: [VRFC 10-8437] comparison between unequal length arrays always returns FALSE, left argument length 4 is different from right argument length 2 for 'std_logic_vector_93' array [C:/Users/antho/Documents/Programmes/S4APP2/new/pb_logique_seq/pb_logique_seq.srcs/sources_1/imports/new/module_commande.vhd:101]
WARNING: [VRFC 10-8437] comparison between unequal length arrays always returns FALSE, left argument length 4 is different from right argument length 2 for 'std_logic_vector_93' array [C:/Users/antho/Documents/Programmes/S4APP2/new/pb_logique_seq/pb_logique_seq.srcs/sources_1/imports/new/module_commande.vhd:103]
Completed static elaboration
INFO: [XSIM 43-4323] No Change in HDL. Linking previously generated obj files to create kernel
INFO: [USF-XSim-69] 'elaborate' step finished in '4' seconds
Vivado Simulator 2020.2
INFO: [Wavedata 42-565] Reading protoinst file protoinst_files/design_1.protoinst
Time resolution is 1 ps
relaunch_sim: Time (s): cpu = 00:00:05 ; elapsed = 00:00:53 . Memory (MB): peak = 1420.371 ; gain = 0.000
set_msg_config -suppress -id {BD 41-759} -string {{CRITICAL WARNING: [BD 41-759] The input pins (listed below) are either not connected or do not have a source port, and they don't have a tie-off specified. These pins are tied-off to all 0's to avoid error in Implementation flow.
Please check your design and connect them as needed: 
/M1_decodeur_i2s/registre_decalage_24bits/i_load
/M1_decodeur_i2s/registre_decalage_24bits/i_dat_load} } 
close_sim
INFO: [Simtcl 6-16] Simulation closed
exit
INFO: [Common 17-206] Exiting Vivado at Thu May 26 16:44:01 2022...
